# JRE version: Java(TM) SE Runtime Environment (8.0_73-b02) (build 1.8.0_73-b02)
# Java VM: Java HotSpot(TM) Client VM (25.73-b02 mixed mode windows-x86 )
Heap:
 par new generation   total 314560K, used 58815K [0x04a00000, 0x19f50000, 0x19f50000)
  eden space 279616K,  13% used [0x04a00000, 0x06eb1b28, 0x15b10000)
  from space 34944K,  60% used [0x15b10000, 0x16fce138, 0x17d30000)
  to   space 34944K,   0% used [0x17d30000, 0x17d30000, 0x19f50000)
 concurrent mark-sweep generation total 699072K, used 136171K [0x19f50000, 0x44a00000, 0x44a00000)
 Metaspace       used 22645K, capacity 22821K, committed 23040K, reserved 23936K
GC Heap History (10 events):
Event: 50.531 GC heap before
{Heap before GC invocations=13 (full 10):
 par new generation   total 314560K, used 279616K [0x04a00000, 0x19f50000, 0x19f50000)
  eden space 279616K, 100% used [0x04a00000, 0x15b10000, 0x15b10000)
  from space 34944K,   0% used [0x17d30000, 0x17d30000, 0x19f50000)
  to   space 34944K,   0% used [0x15b10000, 0x15b10000, 0x17d30000)
 concurrent mark-sweep generation total 699072K, used 104296K [0x19f50000, 0x44a00000, 0x44a00000)
 Metaspace       used 22493K, capacity 22725K, committed 22912K, reserved 22912K
Event: 50.543 GC heap after
Heap after GC invocations=14 (full 10):
 par new generation   total 314560K, used 34944K [0x04a00000, 0x19f50000, 0x19f50000)
  eden space 279616K,   0% used [0x04a00000, 0x04a00000, 0x15b10000)
  from space 34944K, 100% used [0x15b10000, 0x17d30000, 0x17d30000)
  to   space 34944K,   0% used [0x17d30000, 0x17d30000, 0x19f50000)
 concurrent mark-sweep generation total 699072K, used 106889K [0x19f50000, 0x44a00000, 0x44a00000)
 Metaspace       used 22493K, capacity 22725K, committed 22912K, reserved 22912K
}
Event: 51.578 GC heap before
{Heap before GC invocations=14 (full 10):
 par new generation   total 314560K, used 313720K [0x04a00000, 0x19f50000, 0x19f50000)
  eden space 279616K,  99% used [0x04a00000, 0x15a3e2d8, 0x15b10000)
  from space 34944K, 100% used [0x15b10000, 0x17d30000, 0x17d30000)
  to   space 34944K,   0% used [0x17d30000, 0x17d30000, 0x19f50000)
 concurrent mark-sweep generation total 699072K, used 105161K [0x19f50000, 0x44a00000, 0x44a00000)
 Metaspace       used 22536K, capacity 22757K, committed 22912K, reserved 22912K
Event: 51.604 GC heap after
Heap after GC invocations=15 (full 10):
 par new generation   total 314560K, used 31843K [0x04a00000, 0x19f50000, 0x19f50000)
  eden space 279616K,   0% used [0x04a00000, 0x04a00000, 0x15b10000)
  from space 34944K,  91% used [0x17d30000, 0x19c48c48, 0x19f50000)
  to   space 34944K,   0% used [0x15b10000, 0x15b10000, 0x17d30000)
 concurrent mark-sweep generation total 699072K, used 138451K [0x19f50000, 0x44a00000, 0x44a00000)
 Metaspace       used 22536K, capacity 22757K, committed 22912K, reserved 22912K
}
Event: 63.568 GC heap before
{Heap before GC invocations=15 (full 11):
 par new generation   total 314560K, used 311459K [0x04a00000, 0x19f50000, 0x19f50000)
  eden space 279616K, 100% used [0x04a00000, 0x15b10000, 0x15b10000)
  from space 34944K,  91% used [0x17d30000, 0x19c48c48, 0x19f50000)
  to   space 34944K,   0% used [0x15b10000, 0x15b10000, 0x17d30000)
 concurrent mark-sweep generation total 699072K, used 138451K [0x19f50000, 0x44a00000, 0x44a00000)
 Metaspace       used 22630K, capacity 22821K, committed 23040K, reserved 23936K
Event: 63.570 GC heap after
Heap after GC invocations=16 (full 11):
 par new generation   total 314560K, used 11012K [0x04a00000, 0x19f50000, 0x19f50000)
  eden space 279616K,   0% used [0x04a00000, 0x04a00000, 0x15b10000)
  from space 34944K,  31% used [0x15b10000, 0x165d1118, 0x17d30000)
  to   space 34944K,   0% used [0x17d30000, 0x17d30000, 0x19f50000)
 concurrent mark-sweep generation total 699072K, used 138451K [0x19f50000, 0x44a00000, 0x44a00000)
 Metaspace       used 22630K, capacity 22821K, committed 23040K, reserved 23936K
}
Event: 70.389 GC heap before
{Heap before GC invocations=16 (full 11):
 par new generation   total 314560K, used 275074K [0x04a00000, 0x19f50000, 0x19f50000)
  eden space 279616K,  94% used [0x04a00000, 0x14bdfaa8, 0x15b10000)
  from space 34944K,  31% used [0x15b10000, 0x165d1118, 0x17d30000)
  to   space 34944K,   0% used [0x17d30000, 0x17d30000, 0x19f50000)
 concurrent mark-sweep generation total 699072K, used 136171K [0x19f50000, 0x44a00000, 0x44a00000)
 Metaspace       used 22633K, capacity 22821K, committed 23040K, reserved 23936K
Event: 70.392 GC heap after
Heap after GC invocations=17 (full 11):
 par new generation   total 314560K, used 12576K [0x04a00000, 0x19f50000, 0x19f50000)
  eden space 279616K,   0% used [0x04a00000, 0x04a00000, 0x15b10000)
  from space 34944K,  35% used [0x17d30000, 0x18978288, 0x19f50000)
  to   space 34944K,   0% used [0x15b10000, 0x15b10000, 0x17d30000)
 concurrent mark-sweep generation total 699072K, used 136171K [0x19f50000, 0x44a00000, 0x44a00000)
 Metaspace       used 22633K, capacity 22821K, committed 23040K, reserved 23936K
}
Event: 81.243 GC heap before
{Heap before GC invocations=17 (full 12):
 par new generation   total 314560K, used 292192K [0x04a00000, 0x19f50000, 0x19f50000)
  eden space 279616K, 100% used [0x04a00000, 0x15b10000, 0x15b10000)
  from space 34944K,  35% used [0x17d30000, 0x18978288, 0x19f50000)
  to   space 34944K,   0% used [0x15b10000, 0x15b10000, 0x17d30000)
 concurrent mark-sweep generation total 699072K, used 136171K [0x19f50000, 0x44a00000, 0x44a00000)
 Metaspace       used 22640K, capacity 22821K, committed 23040K, reserved 23936K
Event: 81.247 GC heap after
Heap after GC invocations=18 (full 12):
 par new generation   total 314560K, used 21240K [0x04a00000, 0x19f50000, 0x19f50000)
  eden space 279616K,   0% used [0x04a00000, 0x04a00000, 0x15b10000)
  from space 34944K,  60% used [0x15b10000, 0x16fce138, 0x17d30000)
  to   space 34944K,   0% used [0x17d30000, 0x17d30000, 0x19f50000)
 concurrent mark-sweep generation total 699072K, used 136171K [0x19f50000, 0x44a00000, 0x44a00000)
 Metaspace       used 22640K, capacity 22821K, committed 23040K, reserved 23936K
}

