# JRE version: Java(TM) SE Runtime Environment (8.0_73-b02) (build 1.8.0_73-b02)
# Java VM: Java HotSpot(TM) Client VM (25.73-b02 mixed mode windows-x86 )
Heap:
 par new generation   total 314560K, used 4315K [0x04a00000, 0x19f50000, 0x19f50000)
  eden space 279616K,   1% used [0x04a00000, 0x04e36d60, 0x15b10000)
  from space 34944K,   0% used [0x15b10000, 0x15b10000, 0x17d30000)
  to   space 34944K,   0% used [0x17d30000, 0x17d30000, 0x19f50000)
 concurrent mark-sweep generation total 699072K, used 160752K [0x19f50000, 0x44a00000, 0x44a00000)
 Metaspace       used 22765K, capacity 23016K, committed 23168K, reserved 23936K
GC Heap History (10 events):
Event: 121.442 GC heap before
{Heap before GC invocations=20 (full 11):
 par new generation   total 314560K, used 296779K [0x04a00000, 0x19f50000, 0x19f50000)
  eden space 279616K,  98% used [0x04a00000, 0x1572cc10, 0x15b10000)
  from space 34944K,  60% used [0x15b10000, 0x16fb63b8, 0x17d30000)
  to   space 34944K,   0% used [0x17d30000, 0x17d30000, 0x19f50000)
 concurrent mark-sweep generation total 699072K, used 139882K [0x19f50000, 0x44a00000, 0x44a00000)
 Metaspace       used 22705K, capacity 22917K, committed 23040K, reserved 23936K
Event: 121.448 GC heap after
Heap after GC invocations=21 (full 11):
 par new generation   total 314560K, used 30011K [0x04a00000, 0x19f50000, 0x19f50000)
  eden space 279616K,   0% used [0x04a00000, 0x04a00000, 0x15b10000)
  from space 34944K,  85% used [0x17d30000, 0x19a7ec60, 0x19f50000)
  to   space 34944K,   0% used [0x15b10000, 0x15b10000, 0x17d30000)
 concurrent mark-sweep generation total 699072K, used 139882K [0x19f50000, 0x44a00000, 0x44a00000)
 Metaspace       used 22705K, capacity 22917K, committed 23040K, reserved 23936K
}
Event: 141.146 GC heap before
{Heap before GC invocations=21 (full 11):
 par new generation   total 314560K, used 309627K [0x04a00000, 0x19f50000, 0x19f50000)
  eden space 279616K, 100% used [0x04a00000, 0x15b10000, 0x15b10000)
  from space 34944K,  85% used [0x17d30000, 0x19a7ec60, 0x19f50000)
  to   space 34944K,   0% used [0x15b10000, 0x15b10000, 0x17d30000)
 concurrent mark-sweep generation total 699072K, used 139590K [0x19f50000, 0x44a00000, 0x44a00000)
 Metaspace       used 22710K, capacity 22917K, committed 23040K, reserved 23936K
Event: 141.157 GC heap after
Heap after GC invocations=22 (full 11):
 par new generation   total 314560K, used 27927K [0x04a00000, 0x19f50000, 0x19f50000)
  eden space 279616K,   0% used [0x04a00000, 0x04a00000, 0x15b10000)
  from space 34944K,  79% used [0x15b10000, 0x17655c08, 0x17d30000)
  to   space 34944K,   0% used [0x17d30000, 0x17d30000, 0x19f50000)
 concurrent mark-sweep generation total 699072K, used 145826K [0x19f50000, 0x44a00000, 0x44a00000)
 Metaspace       used 22710K, capacity 22917K, committed 23040K, reserved 23936K
}
Event: 250.509 GC heap before
{Heap before GC invocations=22 (full 12):
 par new generation   total 314560K, used 307543K [0x04a00000, 0x19f50000, 0x19f50000)
  eden space 279616K, 100% used [0x04a00000, 0x15b10000, 0x15b10000)
  from space 34944K,  79% used [0x15b10000, 0x17655c08, 0x17d30000)
  to   space 34944K,   0% used [0x17d30000, 0x17d30000, 0x19f50000)
 concurrent mark-sweep generation total 699072K, used 145826K [0x19f50000, 0x44a00000, 0x44a00000)
 Metaspace       used 22714K, capacity 22920K, committed 23040K, reserved 23936K
Event: 250.515 GC heap after
Heap after GC invocations=23 (full 12):
 par new generation   total 314560K, used 23368K [0x04a00000, 0x19f50000, 0x19f50000)
  eden space 279616K,   0% used [0x04a00000, 0x04a00000, 0x15b10000)
  from space 34944K,  66% used [0x17d30000, 0x194022c0, 0x19f50000)
  to   space 34944K,   0% used [0x15b10000, 0x15b10000, 0x17d30000)
 concurrent mark-sweep generation total 699072K, used 147770K [0x19f50000, 0x44a00000, 0x44a00000)
 Metaspace       used 22714K, capacity 22920K, committed 23040K, reserved 23936K
}
Event: 282.031 GC heap before
{Heap before GC invocations=23 (full 12):
 par new generation   total 314560K, used 302984K [0x04a00000, 0x19f50000, 0x19f50000)
  eden space 279616K, 100% used [0x04a00000, 0x15b10000, 0x15b10000)
  from space 34944K,  66% used [0x17d30000, 0x194022c0, 0x19f50000)
  to   space 34944K,   0% used [0x15b10000, 0x15b10000, 0x17d30000)
 concurrent mark-sweep generation total 699072K, used 146627K [0x19f50000, 0x44a00000, 0x44a00000)
 Metaspace       used 22714K, capacity 22920K, committed 23040K, reserved 23936K
Event: 282.039 GC heap after
Heap after GC invocations=24 (full 12):
 par new generation   total 314560K, used 25921K [0x04a00000, 0x19f50000, 0x19f50000)
  eden space 279616K,   0% used [0x04a00000, 0x04a00000, 0x15b10000)
  from space 34944K,  74% used [0x15b10000, 0x174606c8, 0x17d30000)
  to   space 34944K,   0% used [0x17d30000, 0x17d30000, 0x19f50000)
 concurrent mark-sweep generation total 699072K, used 146627K [0x19f50000, 0x44a00000, 0x44a00000)
 Metaspace       used 22714K, capacity 22920K, committed 23040K, reserved 23936K
}
Event: 309.823 GC heap before
{Heap before GC invocations=24 (full 13):
 par new generation   total 314560K, used 207238K [0x04a00000, 0x19f50000, 0x19f50000)
  eden space 279616K,  64% used [0x04a00000, 0x0fb111a0, 0x15b10000)
  from space 34944K,  74% used [0x15b10000, 0x174606c8, 0x17d30000)
  to   space 34944K,   0% used [0x17d30000, 0x17d30000, 0x19f50000)
 concurrent mark-sweep generation total 699072K, used 146627K [0x19f50000, 0x44a00000, 0x44a00000)
 Metaspace       used 22760K, capacity 22984K, committed 23168K, reserved 23936K
Event: 309.997 GC heap after
Heap after GC invocations=25 (full 14):
 par new generation   total 314560K, used 0K [0x04a00000, 0x19f50000, 0x19f50000)
  eden space 279616K,   0% used [0x04a00000, 0x04a00000, 0x15b10000)
  from space 34944K,   0% used [0x15b10000, 0x15b10000, 0x17d30000)
  to   space 34944K,   0% used [0x17d30000, 0x17d30000, 0x19f50000)
 concurrent mark-sweep generation total 699072K, used 160752K [0x19f50000, 0x44a00000, 0x44a00000)
 Metaspace       used 22760K, capacity 22984K, committed 23168K, reserved 23936K
}

