# JRE version: Java(TM) SE Runtime Environment (8.0_73-b02) (build 1.8.0_73-b02)
# Java VM: Java HotSpot(TM) Client VM (25.73-b02 mixed mode windows-x86 )
Heap:
 par new generation   total 314560K, used 212225K [0x04a00000, 0x19f50000, 0x19f50000)
  eden space 279616K,  67% used [0x04a00000, 0x10197798, 0x15b10000)
  from space 34944K,  69% used [0x17d30000, 0x194d8ce8, 0x19f50000)
  to   space 34944K,   0% used [0x15b10000, 0x15b10000, 0x17d30000)
 concurrent mark-sweep generation total 699072K, used 142934K [0x19f50000, 0x44a00000, 0x44a00000)
 Metaspace       used 22687K, capacity 22917K, committed 23040K, reserved 23936K
GC Heap History (10 events):
Event: 76.061 GC heap before
{Heap before GC invocations=14 (full 9):
 par new generation   total 314560K, used 300175K [0x04a00000, 0x19f50000, 0x19f50000)
  eden space 279616K,  94% used [0x04a00000, 0x14d03e30, 0x15b10000)
  from space 34944K, 100% used [0x15b10000, 0x17d30000, 0x17d30000)
  to   space 34944K,   0% used [0x17d30000, 0x17d30000, 0x19f50000)
 concurrent mark-sweep generation total 699072K, used 106596K [0x19f50000, 0x44a00000, 0x44a00000)
 Metaspace       used 22670K, capacity 22917K, committed 23040K, reserved 23936K
Event: 76.110 GC heap after
Heap after GC invocations=15 (full 9):
 par new generation   total 314560K, used 31478K [0x04a00000, 0x19f50000, 0x19f50000)
  eden space 279616K,   0% used [0x04a00000, 0x04a00000, 0x15b10000)
  from space 34944K,  90% used [0x17d30000, 0x19bedb50, 0x19f50000)
  to   space 34944K,   0% used [0x15b10000, 0x15b10000, 0x17d30000)
 concurrent mark-sweep generation total 699072K, used 134458K [0x19f50000, 0x44a00000, 0x44a00000)
 Metaspace       used 22670K, capacity 22917K, committed 23040K, reserved 23936K
}
Event: 78.929 GC heap before
{Heap before GC invocations=15 (full 10):
 par new generation   total 314560K, used 311094K [0x04a00000, 0x19f50000, 0x19f50000)
  eden space 279616K, 100% used [0x04a00000, 0x15b10000, 0x15b10000)
  from space 34944K,  90% used [0x17d30000, 0x19bedb50, 0x19f50000)
  to   space 34944K,   0% used [0x15b10000, 0x15b10000, 0x17d30000)
 concurrent mark-sweep generation total 699072K, used 134458K [0x19f50000, 0x44a00000, 0x44a00000)
 Metaspace       used 22670K, capacity 22917K, committed 23040K, reserved 23936K
Event: 78.933 GC heap after
Heap after GC invocations=16 (full 10):
 par new generation   total 314560K, used 23701K [0x04a00000, 0x19f50000, 0x19f50000)
  eden space 279616K,   0% used [0x04a00000, 0x04a00000, 0x15b10000)
  from space 34944K,  67% used [0x15b10000, 0x172356b0, 0x17d30000)
  to   space 34944K,   0% used [0x17d30000, 0x17d30000, 0x19f50000)
 concurrent mark-sweep generation total 699072K, used 134458K [0x19f50000, 0x44a00000, 0x44a00000)
 Metaspace       used 22670K, capacity 22917K, committed 23040K, reserved 23936K
}
Event: 94.832 GC heap before
{Heap before GC invocations=16 (full 10):
 par new generation   total 314560K, used 303317K [0x04a00000, 0x19f50000, 0x19f50000)
  eden space 279616K, 100% used [0x04a00000, 0x15b10000, 0x15b10000)
  from space 34944K,  67% used [0x15b10000, 0x172356b0, 0x17d30000)
  to   space 34944K,   0% used [0x17d30000, 0x17d30000, 0x19f50000)
 concurrent mark-sweep generation total 699072K, used 128554K [0x19f50000, 0x44a00000, 0x44a00000)
 Metaspace       used 22675K, capacity 22917K, committed 23040K, reserved 23936K
Event: 94.836 GC heap after
Heap after GC invocations=17 (full 10):
 par new generation   total 314560K, used 26662K [0x04a00000, 0x19f50000, 0x19f50000)
  eden space 279616K,   0% used [0x04a00000, 0x04a00000, 0x15b10000)
  from space 34944K,  76% used [0x17d30000, 0x19739868, 0x19f50000)
  to   space 34944K,   0% used [0x15b10000, 0x15b10000, 0x17d30000)
 concurrent mark-sweep generation total 699072K, used 128554K [0x19f50000, 0x44a00000, 0x44a00000)
 Metaspace       used 22675K, capacity 22917K, committed 23040K, reserved 23936K
}
Event: 111.838 GC heap before
{Heap before GC invocations=17 (full 11):
 par new generation   total 314560K, used 306278K [0x04a00000, 0x19f50000, 0x19f50000)
  eden space 279616K, 100% used [0x04a00000, 0x15b10000, 0x15b10000)
  from space 34944K,  76% used [0x17d30000, 0x19739868, 0x19f50000)
  to   space 34944K,   0% used [0x15b10000, 0x15b10000, 0x17d30000)
 concurrent mark-sweep generation total 699072K, used 128554K [0x19f50000, 0x44a00000, 0x44a00000)
 Metaspace       used 22683K, capacity 22917K, committed 23040K, reserved 23936K
Event: 111.860 GC heap after
Heap after GC invocations=18 (full 11):
 par new generation   total 314560K, used 20981K [0x04a00000, 0x19f50000, 0x19f50000)
  eden space 279616K,   0% used [0x04a00000, 0x04a00000, 0x15b10000)
  from space 34944K,  60% used [0x15b10000, 0x16f8d710, 0x17d30000)
  to   space 34944K,   0% used [0x17d30000, 0x17d30000, 0x19f50000)
 concurrent mark-sweep generation total 699072K, used 143035K [0x19f50000, 0x44a00000, 0x44a00000)
 Metaspace       used 22683K, capacity 22917K, committed 23040K, reserved 23936K
}
Event: 121.085 GC heap before
{Heap before GC invocations=18 (full 11):
 par new generation   total 314560K, used 300597K [0x04a00000, 0x19f50000, 0x19f50000)
  eden space 279616K, 100% used [0x04a00000, 0x15b10000, 0x15b10000)
  from space 34944K,  60% used [0x15b10000, 0x16f8d710, 0x17d30000)
  to   space 34944K,   0% used [0x17d30000, 0x17d30000, 0x19f50000)
 concurrent mark-sweep generation total 699072K, used 142934K [0x19f50000, 0x44a00000, 0x44a00000)
 Metaspace       used 22683K, capacity 22917K, committed 23040K, reserved 23936K
Event: 121.090 GC heap after
Heap after GC invocations=19 (full 11):
 par new generation   total 314560K, used 24227K [0x04a00000, 0x19f50000, 0x19f50000)
  eden space 279616K,   0% used [0x04a00000, 0x04a00000, 0x15b10000)
  from space 34944K,  69% used [0x17d30000, 0x194d8ce8, 0x19f50000)
  to   space 34944K,   0% used [0x15b10000, 0x15b10000, 0x17d30000)
 concurrent mark-sweep generation total 699072K, used 142934K [0x19f50000, 0x44a00000, 0x44a00000)
 Metaspace       used 22683K, capacity 22917K, committed 23040K, reserved 23936K
}

