# JRE version: Java(TM) SE Runtime Environment (8.0_73-b02) (build 1.8.0_73-b02)
# Java VM: Java HotSpot(TM) Client VM (25.73-b02 mixed mode windows-x86 )
Heap:
 par new generation   total 314560K, used 6063K [0x04a00000, 0x19f50000, 0x19f50000)
  eden space 279616K,   2% used [0x04a00000, 0x04febea8, 0x15b10000)
  from space 34944K,   0% used [0x15b10000, 0x15b10000, 0x17d30000)
  to   space 34944K,   0% used [0x17d30000, 0x17d30000, 0x19f50000)
 concurrent mark-sweep generation total 699072K, used 149016K [0x19f50000, 0x44a00000, 0x44a00000)
 Metaspace       used 22120K, capacity 22336K, committed 22528K, reserved 22912K
GC Heap History (10 events):
Event: 37.849 GC heap before
{Heap before GC invocations=12 (full 8):
 par new generation   total 314560K, used 110006K [0x04a00000, 0x19f50000, 0x19f50000)
  eden space 279616K,  26% used [0x04a00000, 0x0934d928, 0x15b10000)
  from space 34944K, 100% used [0x17d30000, 0x19f50000, 0x19f50000)
  to   space 34944K,   0% used [0x15b10000, 0x15b10000, 0x17d30000)
 concurrent mark-sweep generation total 699072K, used 65494K [0x19f50000, 0x44a00000, 0x44a00000)
 Metaspace       used 20605K, capacity 20800K, committed 20864K, reserved 20864K
Event: 38.070 GC heap after
Heap after GC invocations=13 (full 9):
 par new generation   total 314560K, used 0K [0x04a00000, 0x19f50000, 0x19f50000)
  eden space 279616K,   0% used [0x04a00000, 0x04a00000, 0x15b10000)
  from space 34944K,   0% used [0x17d30000, 0x17d30000, 0x19f50000)
  to   space 34944K,   0% used [0x15b10000, 0x15b10000, 0x17d30000)
 concurrent mark-sweep generation total 699072K, used 103335K [0x19f50000, 0x44a00000, 0x44a00000)
 Metaspace       used 20605K, capacity 20800K, committed 20864K, reserved 20864K
}
Event: 41.408 GC heap before
{Heap before GC invocations=13 (full 10):
 par new generation   total 314560K, used 279616K [0x04a00000, 0x19f50000, 0x19f50000)
  eden space 279616K, 100% used [0x04a00000, 0x15b10000, 0x15b10000)
  from space 34944K,   0% used [0x17d30000, 0x17d30000, 0x19f50000)
  to   space 34944K,   0% used [0x15b10000, 0x15b10000, 0x17d30000)
 concurrent mark-sweep generation total 699072K, used 103335K [0x19f50000, 0x44a00000, 0x44a00000)
 Metaspace       used 22002K, capacity 22206K, committed 22272K, reserved 22912K
Event: 41.417 GC heap after
Heap after GC invocations=14 (full 10):
 par new generation   total 314560K, used 34944K [0x04a00000, 0x19f50000, 0x19f50000)
  eden space 279616K,   0% used [0x04a00000, 0x04a00000, 0x15b10000)
  from space 34944K, 100% used [0x15b10000, 0x17d30000, 0x17d30000)
  to   space 34944K,   0% used [0x17d30000, 0x17d30000, 0x19f50000)
 concurrent mark-sweep generation total 699072K, used 104966K [0x19f50000, 0x44a00000, 0x44a00000)
 Metaspace       used 22002K, capacity 22206K, committed 22272K, reserved 22912K
}
Event: 50.184 GC heap before
{Heap before GC invocations=14 (full 10):
 par new generation   total 314560K, used 314560K [0x04a00000, 0x19f50000, 0x19f50000)
  eden space 279616K, 100% used [0x04a00000, 0x15b10000, 0x15b10000)
  from space 34944K, 100% used [0x15b10000, 0x17d30000, 0x17d30000)
  to   space 34944K,   0% used [0x17d30000, 0x17d30000, 0x19f50000)
 concurrent mark-sweep generation total 699072K, used 104966K [0x19f50000, 0x44a00000, 0x44a00000)
 Metaspace       used 22022K, capacity 22240K, committed 22400K, reserved 22912K
Event: 50.235 GC heap after
Heap after GC invocations=15 (full 10):
 par new generation   total 314560K, used 34944K [0x04a00000, 0x19f50000, 0x19f50000)
  eden space 279616K,   0% used [0x04a00000, 0x04a00000, 0x15b10000)
  from space 34944K, 100% used [0x17d30000, 0x19f50000, 0x19f50000)
  to   space 34944K,   0% used [0x15b10000, 0x15b10000, 0x17d30000)
 concurrent mark-sweep generation total 699072K, used 129227K [0x19f50000, 0x44a00000, 0x44a00000)
 Metaspace       used 22022K, capacity 22240K, committed 22400K, reserved 22912K
}
Event: 56.376 GC heap before
{Heap before GC invocations=15 (full 10):
 par new generation   total 314560K, used 306070K [0x04a00000, 0x19f50000, 0x19f50000)
  eden space 279616K,  96% used [0x04a00000, 0x152c5ae8, 0x15b10000)
  from space 34944K, 100% used [0x17d30000, 0x19f50000, 0x19f50000)
  to   space 34944K,   0% used [0x15b10000, 0x15b10000, 0x17d30000)
 concurrent mark-sweep generation total 699072K, used 144011K [0x19f50000, 0x44a00000, 0x44a00000)
 Metaspace       used 22105K, capacity 22336K, committed 22528K, reserved 22912K
Event: 56.391 GC heap after
Heap after GC invocations=16 (full 10):
 par new generation   total 314560K, used 23612K [0x04a00000, 0x19f50000, 0x19f50000)
  eden space 279616K,   0% used [0x04a00000, 0x04a00000, 0x15b10000)
  from space 34944K,  67% used [0x15b10000, 0x1721f110, 0x17d30000)
  to   space 34944K,   0% used [0x17d30000, 0x17d30000, 0x19f50000)
 concurrent mark-sweep generation total 699072K, used 166663K [0x19f50000, 0x44a00000, 0x44a00000)
 Metaspace       used 22105K, capacity 22336K, committed 22528K, reserved 22912K
}
Event: 56.639 GC heap before
{Heap before GC invocations=16 (full 10):
 par new generation   total 314560K, used 66944K [0x04a00000, 0x19f50000, 0x19f50000)
  eden space 279616K,  15% used [0x04a00000, 0x07451078, 0x15b10000)
  from space 34944K,  67% used [0x15b10000, 0x1721f110, 0x17d30000)
  to   space 34944K,   0% used [0x17d30000, 0x17d30000, 0x19f50000)
 concurrent mark-sweep generation total 699072K, used 166663K [0x19f50000, 0x44a00000, 0x44a00000)
 Metaspace       used 22117K, capacity 22336K, committed 22528K, reserved 22912K
Event: 56.806 GC heap after
Heap after GC invocations=17 (full 11):
 par new generation   total 314560K, used 0K [0x04a00000, 0x19f50000, 0x19f50000)
  eden space 279616K,   0% used [0x04a00000, 0x04a00000, 0x15b10000)
  from space 34944K,   0% used [0x15b10000, 0x15b10000, 0x17d30000)
  to   space 34944K,   0% used [0x17d30000, 0x17d30000, 0x19f50000)
 concurrent mark-sweep generation total 699072K, used 149016K [0x19f50000, 0x44a00000, 0x44a00000)
 Metaspace       used 22117K, capacity 22336K, committed 22528K, reserved 22912K
}

