# JRE version: Java(TM) SE Runtime Environment (8.0_73-b02) (build 1.8.0_73-b02)
# Java VM: Java HotSpot(TM) Client VM (25.73-b02 mixed mode windows-x86 )
Heap:
 par new generation   total 314560K, used 6022K [0x04a00000, 0x19f50000, 0x19f50000)
  eden space 279616K,   2% used [0x04a00000, 0x04fe1ae0, 0x15b10000)
  from space 34944K,   0% used [0x15b10000, 0x15b10000, 0x17d30000)
  to   space 34944K,   0% used [0x17d30000, 0x17d30000, 0x19f50000)
 concurrent mark-sweep generation total 699072K, used 164160K [0x19f50000, 0x44a00000, 0x44a00000)
 Metaspace       used 22289K, capacity 22464K, committed 22656K, reserved 22912K
GC Heap History (10 events):
Event: 47.417 GC heap before
{Heap before GC invocations=12 (full 9):
 par new generation   total 314560K, used 275318K [0x04a00000, 0x19f50000, 0x19f50000)
  eden space 279616K,  98% used [0x04a00000, 0x156dd9d0, 0x15b10000)
  from space 34944K,   0% used [0x15b10000, 0x15b10000, 0x17d30000)
  to   space 34944K,   0% used [0x17d30000, 0x17d30000, 0x19f50000)
 concurrent mark-sweep generation total 699072K, used 103098K [0x19f50000, 0x44a00000, 0x44a00000)
 Metaspace       used 22037K, capacity 22270K, committed 22400K, reserved 22912K
Event: 47.426 GC heap after
Heap after GC invocations=13 (full 9):
 par new generation   total 314560K, used 34944K [0x04a00000, 0x19f50000, 0x19f50000)
  eden space 279616K,   0% used [0x04a00000, 0x04a00000, 0x15b10000)
  from space 34944K, 100% used [0x17d30000, 0x19f50000, 0x19f50000)
  to   space 34944K,   0% used [0x15b10000, 0x15b10000, 0x17d30000)
 concurrent mark-sweep generation total 699072K, used 104695K [0x19f50000, 0x44a00000, 0x44a00000)
 Metaspace       used 22037K, capacity 22270K, committed 22400K, reserved 22912K
}
Event: 58.530 GC heap before
{Heap before GC invocations=13 (full 9):
 par new generation   total 314560K, used 314560K [0x04a00000, 0x19f50000, 0x19f50000)
  eden space 279616K, 100% used [0x04a00000, 0x15b10000, 0x15b10000)
  from space 34944K, 100% used [0x17d30000, 0x19f50000, 0x19f50000)
  to   space 34944K,   0% used [0x15b10000, 0x15b10000, 0x17d30000)
 concurrent mark-sweep generation total 699072K, used 102834K [0x19f50000, 0x44a00000, 0x44a00000)
 Metaspace       used 22067K, capacity 22270K, committed 22400K, reserved 22912K
Event: 58.550 GC heap after
Heap after GC invocations=14 (full 9):
 par new generation   total 314560K, used 34944K [0x04a00000, 0x19f50000, 0x19f50000)
  eden space 279616K,   0% used [0x04a00000, 0x04a00000, 0x15b10000)
  from space 34944K, 100% used [0x15b10000, 0x17d30000, 0x17d30000)
  to   space 34944K,   0% used [0x17d30000, 0x17d30000, 0x19f50000)
 concurrent mark-sweep generation total 699072K, used 128901K [0x19f50000, 0x44a00000, 0x44a00000)
 Metaspace       used 22067K, capacity 22270K, committed 22400K, reserved 22912K
}
Event: 72.798 GC heap before
{Heap before GC invocations=14 (full 10):
 par new generation   total 314560K, used 314560K [0x04a00000, 0x19f50000, 0x19f50000)
  eden space 279616K, 100% used [0x04a00000, 0x15b10000, 0x15b10000)
  from space 34944K, 100% used [0x15b10000, 0x17d30000, 0x17d30000)
  to   space 34944K,   0% used [0x17d30000, 0x17d30000, 0x19f50000)
 concurrent mark-sweep generation total 699072K, used 128901K [0x19f50000, 0x44a00000, 0x44a00000)
 Metaspace       used 22175K, capacity 22368K, committed 22528K, reserved 22912K
Event: 72.817 GC heap after
Heap after GC invocations=15 (full 10):
 par new generation   total 314560K, used 24557K [0x04a00000, 0x19f50000, 0x19f50000)
  eden space 279616K,   0% used [0x04a00000, 0x04a00000, 0x15b10000)
  from space 34944K,  70% used [0x17d30000, 0x1952b720, 0x19f50000)
  to   space 34944K,   0% used [0x15b10000, 0x15b10000, 0x17d30000)
 concurrent mark-sweep generation total 699072K, used 150864K [0x19f50000, 0x44a00000, 0x44a00000)
 Metaspace       used 22175K, capacity 22368K, committed 22528K, reserved 22912K
}
Event: 84.947 GC heap before
{Heap before GC invocations=15 (full 10):
 par new generation   total 314560K, used 304173K [0x04a00000, 0x19f50000, 0x19f50000)
  eden space 279616K, 100% used [0x04a00000, 0x15b10000, 0x15b10000)
  from space 34944K,  70% used [0x17d30000, 0x1952b720, 0x19f50000)
  to   space 34944K,   0% used [0x15b10000, 0x15b10000, 0x17d30000)
 concurrent mark-sweep generation total 699072K, used 148691K [0x19f50000, 0x44a00000, 0x44a00000)
 Metaspace       used 22187K, capacity 22400K, committed 22528K, reserved 22912K
Event: 84.951 GC heap after
Heap after GC invocations=16 (full 10):
 par new generation   total 314560K, used 22681K [0x04a00000, 0x19f50000, 0x19f50000)
  eden space 279616K,   0% used [0x04a00000, 0x04a00000, 0x15b10000)
  from space 34944K,  64% used [0x15b10000, 0x171366d0, 0x17d30000)
  to   space 34944K,   0% used [0x17d30000, 0x17d30000, 0x19f50000)
 concurrent mark-sweep generation total 699072K, used 148691K [0x19f50000, 0x44a00000, 0x44a00000)
 Metaspace       used 22187K, capacity 22400K, committed 22528K, reserved 22912K
}
Event: 94.703 GC heap before
{Heap before GC invocations=16 (full 11):
 par new generation   total 314560K, used 162464K [0x04a00000, 0x19f50000, 0x19f50000)
  eden space 279616K,  49% used [0x04a00000, 0x0d281c78, 0x15b10000)
  from space 34944K,  64% used [0x15b10000, 0x171366d0, 0x17d30000)
  to   space 34944K,   0% used [0x17d30000, 0x17d30000, 0x19f50000)
 concurrent mark-sweep generation total 699072K, used 148691K [0x19f50000, 0x44a00000, 0x44a00000)
 Metaspace       used 22285K, capacity 22464K, committed 22656K, reserved 22912K
Event: 94.860 GC heap after
Heap after GC invocations=17 (full 12):
 par new generation   total 314560K, used 0K [0x04a00000, 0x19f50000, 0x19f50000)
  eden space 279616K,   0% used [0x04a00000, 0x04a00000, 0x15b10000)
  from space 34944K,   0% used [0x15b10000, 0x15b10000, 0x17d30000)
  to   space 34944K,   0% used [0x17d30000, 0x17d30000, 0x19f50000)
 concurrent mark-sweep generation total 699072K, used 164160K [0x19f50000, 0x44a00000, 0x44a00000)
 Metaspace       used 22285K, capacity 22464K, committed 22656K, reserved 22912K
}

