# JRE version: Java(TM) SE Runtime Environment (8.0_73-b02) (build 1.8.0_73-b02)
# Java VM: Java HotSpot(TM) Client VM (25.73-b02 mixed mode windows-x86 )
Heap:
 par new generation   total 314560K, used 218501K [0x04a00000, 0x19f50000, 0x19f50000)
  eden space 279616K,  66% used [0x04a00000, 0x0ff26060, 0x15b10000)
  from space 34944K,  94% used [0x15b10000, 0x17b4b4a0, 0x17d30000)
  to   space 34944K,   0% used [0x17d30000, 0x17d30000, 0x19f50000)
 concurrent mark-sweep generation total 699072K, used 137814K [0x19f50000, 0x44a00000, 0x44a00000)
 Metaspace       used 22476K, capacity 22688K, committed 22912K, reserved 22912K
GC Heap History (10 events):
Event: 40.853 GC heap before
{Heap before GC invocations=11 (full 7):
 par new generation   total 314560K, used 279616K [0x04a00000, 0x19f50000, 0x19f50000)
  eden space 279616K, 100% used [0x04a00000, 0x15b10000, 0x15b10000)
  from space 34944K,   0% used [0x15b10000, 0x15b10000, 0x17d30000)
  to   space 34944K,   0% used [0x17d30000, 0x17d30000, 0x19f50000)
 concurrent mark-sweep generation total 699072K, used 57793K [0x19f50000, 0x44a00000, 0x44a00000)
 Metaspace       used 20138K, capacity 20354K, committed 20480K, reserved 20864K
Event: 40.869 GC heap after
Heap after GC invocations=12 (full 7):
 par new generation   total 314560K, used 34944K [0x04a00000, 0x19f50000, 0x19f50000)
  eden space 279616K,   0% used [0x04a00000, 0x04a00000, 0x15b10000)
  from space 34944K, 100% used [0x17d30000, 0x19f50000, 0x19f50000)
  to   space 34944K,   0% used [0x15b10000, 0x15b10000, 0x17d30000)
 concurrent mark-sweep generation total 699072K, used 65328K [0x19f50000, 0x44a00000, 0x44a00000)
 Metaspace       used 20138K, capacity 20354K, committed 20480K, reserved 20864K
}
Event: 41.375 GC heap before
{Heap before GC invocations=12 (full 8):
 par new generation   total 314560K, used 119948K [0x04a00000, 0x19f50000, 0x19f50000)
  eden space 279616K,  30% used [0x04a00000, 0x09d030d8, 0x15b10000)
  from space 34944K, 100% used [0x17d30000, 0x19f50000, 0x19f50000)
  to   space 34944K,   0% used [0x15b10000, 0x15b10000, 0x17d30000)
 concurrent mark-sweep generation total 699072K, used 65328K [0x19f50000, 0x44a00000, 0x44a00000)
 Metaspace       used 20963K, capacity 21186K, committed 21376K, reserved 21888K
Event: 41.581 GC heap after
Heap after GC invocations=13 (full 9):
 par new generation   total 314560K, used 0K [0x04a00000, 0x19f50000, 0x19f50000)
  eden space 279616K,   0% used [0x04a00000, 0x04a00000, 0x15b10000)
  from space 34944K,   0% used [0x17d30000, 0x17d30000, 0x19f50000)
  to   space 34944K,   0% used [0x15b10000, 0x15b10000, 0x17d30000)
 concurrent mark-sweep generation total 699072K, used 105030K [0x19f50000, 0x44a00000, 0x44a00000)
 Metaspace       used 20963K, capacity 21186K, committed 21376K, reserved 21888K
}
Event: 43.435 GC heap before
{Heap before GC invocations=13 (full 9):
 par new generation   total 314560K, used 275342K [0x04a00000, 0x19f50000, 0x19f50000)
  eden space 279616K,  98% used [0x04a00000, 0x156e3830, 0x15b10000)
  from space 34944K,   0% used [0x17d30000, 0x17d30000, 0x19f50000)
  to   space 34944K,   0% used [0x15b10000, 0x15b10000, 0x17d30000)
 concurrent mark-sweep generation total 699072K, used 105030K [0x19f50000, 0x44a00000, 0x44a00000)
 Metaspace       used 22302K, capacity 22528K, committed 22656K, reserved 22912K
Event: 43.445 GC heap after
Heap after GC invocations=14 (full 9):
 par new generation   total 314560K, used 32506K [0x04a00000, 0x19f50000, 0x19f50000)
  eden space 279616K,   0% used [0x04a00000, 0x04a00000, 0x15b10000)
  from space 34944K,  93% used [0x15b10000, 0x17aceb60, 0x17d30000)
  to   space 34944K,   0% used [0x17d30000, 0x17d30000, 0x19f50000)
 concurrent mark-sweep generation total 699072K, used 105030K [0x19f50000, 0x44a00000, 0x44a00000)
 Metaspace       used 22302K, capacity 22528K, committed 22656K, reserved 22912K
}
Event: 46.700 GC heap before
{Heap before GC invocations=14 (full 10):
 par new generation   total 314560K, used 297495K [0x04a00000, 0x19f50000, 0x19f50000)
  eden space 279616K,  94% used [0x04a00000, 0x14cc70c8, 0x15b10000)
  from space 34944K,  93% used [0x15b10000, 0x17aceb60, 0x17d30000)
  to   space 34944K,   0% used [0x17d30000, 0x17d30000, 0x19f50000)
 concurrent mark-sweep generation total 699072K, used 105030K [0x19f50000, 0x44a00000, 0x44a00000)
 Metaspace       used 22350K, capacity 22560K, committed 22784K, reserved 22912K
Event: 46.709 GC heap after
Heap after GC invocations=15 (full 10):
 par new generation   total 314560K, used 34944K [0x04a00000, 0x19f50000, 0x19f50000)
  eden space 279616K,   0% used [0x04a00000, 0x04a00000, 0x15b10000)
  from space 34944K, 100% used [0x17d30000, 0x19f50000, 0x19f50000)
  to   space 34944K,   0% used [0x15b10000, 0x15b10000, 0x17d30000)
 concurrent mark-sweep generation total 699072K, used 105513K [0x19f50000, 0x44a00000, 0x44a00000)
 Metaspace       used 22350K, capacity 22560K, committed 22784K, reserved 22912K
}
Event: 65.649 GC heap before
{Heap before GC invocations=15 (full 10):
 par new generation   total 314560K, used 314560K [0x04a00000, 0x19f50000, 0x19f50000)
  eden space 279616K, 100% used [0x04a00000, 0x15b10000, 0x15b10000)
  from space 34944K, 100% used [0x17d30000, 0x19f50000, 0x19f50000)
  to   space 34944K,   0% used [0x15b10000, 0x15b10000, 0x17d30000)
 concurrent mark-sweep generation total 699072K, used 103260K [0x19f50000, 0x44a00000, 0x44a00000)
 Metaspace       used 22413K, capacity 22624K, committed 22784K, reserved 22912K
Event: 65.689 GC heap after
Heap after GC invocations=16 (full 10):
 par new generation   total 314560K, used 33005K [0x04a00000, 0x19f50000, 0x19f50000)
  eden space 279616K,   0% used [0x04a00000, 0x04a00000, 0x15b10000)
  from space 34944K,  94% used [0x15b10000, 0x17b4b4a0, 0x17d30000)
  to   space 34944K,   0% used [0x17d30000, 0x17d30000, 0x19f50000)
 concurrent mark-sweep generation total 699072K, used 137814K [0x19f50000, 0x44a00000, 0x44a00000)
 Metaspace       used 22413K, capacity 22624K, committed 22784K, reserved 22912K
}

