# JRE version: Java(TM) SE Runtime Environment (8.0_73-b02) (build 1.8.0_73-b02)
# Java VM: Java HotSpot(TM) Client VM (25.73-b02 mixed mode windows-x86 )
Heap:
 par new generation   total 314560K, used 4582K [0x04a00000, 0x19f50000, 0x19f50000)
  eden space 279616K,   1% used [0x04a00000, 0x04e79930, 0x15b10000)
  from space 34944K,   0% used [0x17d30000, 0x17d30000, 0x19f50000)
  to   space 34944K,   0% used [0x15b10000, 0x15b10000, 0x17d30000)
 concurrent mark-sweep generation total 699072K, used 161203K [0x19f50000, 0x44a00000, 0x44a00000)
 Metaspace       used 22597K, capacity 22749K, committed 22912K, reserved 22912K
GC Heap History (10 events):
Event: 80.275 GC heap before
{Heap before GC invocations=197 (full 176):
 par new generation   total 314560K, used 1961K [0x04a00000, 0x19f50000, 0x19f50000)
  eden space 279616K,   0% used [0x04a00000, 0x04be8c68, 0x15b10000)
  from space 34944K,   0% used [0x17d30000, 0x17d31800, 0x19f50000)
  to   space 34944K,   0% used [0x15b10000, 0x15b10000, 0x17d30000)
 concurrent mark-sweep generation total 699072K, used 161428K [0x19f50000, 0x44a00000, 0x44a00000)
 Metaspace       used 22593K, capacity 22749K, committed 22912K, reserved 22912K
Event: 80.432 GC heap after
Heap after GC invocations=198 (full 177):
 par new generation   total 314560K, used 0K [0x04a00000, 0x19f50000, 0x19f50000)
  eden space 279616K,   0% used [0x04a00000, 0x04a00000, 0x15b10000)
  from space 34944K,   0% used [0x17d30000, 0x17d30000, 0x19f50000)
  to   space 34944K,   0% used [0x15b10000, 0x15b10000, 0x17d30000)
 concurrent mark-sweep generation total 699072K, used 161422K [0x19f50000, 0x44a00000, 0x44a00000)
 Metaspace       used 22593K, capacity 22749K, committed 22912K, reserved 22912K
}
Event: 80.433 GC heap before
{Heap before GC invocations=198 (full 177):
 par new generation   total 314560K, used 0K [0x04a00000, 0x19f50000, 0x19f50000)
  eden space 279616K,   0% used [0x04a00000, 0x04a00000, 0x15b10000)
  from space 34944K,   0% used [0x17d30000, 0x17d30000, 0x19f50000)
  to   space 34944K,   0% used [0x15b10000, 0x15b10000, 0x17d30000)
 concurrent mark-sweep generation total 699072K, used 161422K [0x19f50000, 0x44a00000, 0x44a00000)
 Metaspace       used 22593K, capacity 22749K, committed 22912K, reserved 22912K
Event: 80.547 GC heap after
Heap after GC invocations=199 (full 178):
 par new generation   total 314560K, used 0K [0x04a00000, 0x19f50000, 0x19f50000)
  eden space 279616K,   0% used [0x04a00000, 0x04a00000, 0x15b10000)
  from space 34944K,   0% used [0x17d30000, 0x17d30000, 0x19f50000)
  to   space 34944K,   0% used [0x15b10000, 0x15b10000, 0x17d30000)
 concurrent mark-sweep generation total 699072K, used 161422K [0x19f50000, 0x44a00000, 0x44a00000)
 Metaspace       used 22593K, capacity 22749K, committed 22912K, reserved 22912K
}
Event: 80.548 GC heap before
{Heap before GC invocations=199 (full 178):
 par new generation   total 314560K, used 2393K [0x04a00000, 0x19f50000, 0x19f50000)
  eden space 279616K,   0% used [0x04a00000, 0x04c56628, 0x15b10000)
  from space 34944K,   0% used [0x17d30000, 0x17d30000, 0x19f50000)
  to   space 34944K,   0% used [0x15b10000, 0x15b10000, 0x17d30000)
 concurrent mark-sweep generation total 699072K, used 161422K [0x19f50000, 0x44a00000, 0x44a00000)
 Metaspace       used 22597K, capacity 22749K, committed 22912K, reserved 22912K
Event: 80.660 GC heap after
Heap after GC invocations=200 (full 179):
 par new generation   total 314560K, used 0K [0x04a00000, 0x19f50000, 0x19f50000)
  eden space 279616K,   0% used [0x04a00000, 0x04a00000, 0x15b10000)
  from space 34944K,   0% used [0x17d30000, 0x17d30000, 0x19f50000)
  to   space 34944K,   0% used [0x15b10000, 0x15b10000, 0x17d30000)
 concurrent mark-sweep generation total 699072K, used 161413K [0x19f50000, 0x44a00000, 0x44a00000)
 Metaspace       used 22597K, capacity 22749K, committed 22912K, reserved 22912K
}
Event: 80.661 GC heap before
{Heap before GC invocations=200 (full 179):
 par new generation   total 314560K, used 0K [0x04a00000, 0x19f50000, 0x19f50000)
  eden space 279616K,   0% used [0x04a00000, 0x04a00000, 0x15b10000)
  from space 34944K,   0% used [0x17d30000, 0x17d30000, 0x19f50000)
  to   space 34944K,   0% used [0x15b10000, 0x15b10000, 0x17d30000)
 concurrent mark-sweep generation total 699072K, used 161413K [0x19f50000, 0x44a00000, 0x44a00000)
 Metaspace       used 22597K, capacity 22749K, committed 22912K, reserved 22912K
Event: 80.780 GC heap after
Heap after GC invocations=201 (full 180):
 par new generation   total 314560K, used 0K [0x04a00000, 0x19f50000, 0x19f50000)
  eden space 279616K,   0% used [0x04a00000, 0x04a00000, 0x15b10000)
  from space 34944K,   0% used [0x17d30000, 0x17d30000, 0x19f50000)
  to   space 34944K,   0% used [0x15b10000, 0x15b10000, 0x17d30000)
 concurrent mark-sweep generation total 699072K, used 161407K [0x19f50000, 0x44a00000, 0x44a00000)
 Metaspace       used 22597K, capacity 22749K, committed 22912K, reserved 22912K
}
Event: 81.023 GC heap before
{Heap before GC invocations=201 (full 181):
 par new generation   total 314560K, used 6563K [0x04a00000, 0x19f50000, 0x19f50000)
  eden space 279616K,   2% used [0x04a00000, 0x05068c40, 0x15b10000)
  from space 34944K,   0% used [0x17d30000, 0x17d30000, 0x19f50000)
  to   space 34944K,   0% used [0x15b10000, 0x15b10000, 0x17d30000)
 concurrent mark-sweep generation total 699072K, used 161407K [0x19f50000, 0x44a00000, 0x44a00000)
 Metaspace       used 22597K, capacity 22749K, committed 22912K, reserved 22912K
Event: 81.162 GC heap after
Heap after GC invocations=202 (full 182):
 par new generation   total 314560K, used 0K [0x04a00000, 0x19f50000, 0x19f50000)
  eden space 279616K,   0% used [0x04a00000, 0x04a00000, 0x15b10000)
  from space 34944K,   0% used [0x17d30000, 0x17d30000, 0x19f50000)
  to   space 34944K,   0% used [0x15b10000, 0x15b10000, 0x17d30000)
 concurrent mark-sweep generation total 699072K, used 161203K [0x19f50000, 0x44a00000, 0x44a00000)
 Metaspace       used 22597K, capacity 22749K, committed 22912K, reserved 22912K
}

