# JRE version: Java(TM) SE Runtime Environment (8.0_73-b02) (build 1.8.0_73-b02)
# Java VM: Java HotSpot(TM) Client VM (25.73-b02 mixed mode windows-x86 )
Heap:
 par new generation   total 314560K, used 130262K [0x04a00000, 0x19f50000, 0x19f50000)
  eden space 279616K,  35% used [0x04a00000, 0x0aa8b1a8, 0x15b10000)
  from space 34944K,  89% used [0x15b10000, 0x179ba9f0, 0x17d30000)
  to   space 34944K,   0% used [0x17d30000, 0x17d30000, 0x19f50000)
 concurrent mark-sweep generation total 699072K, used 130521K [0x19f50000, 0x44a00000, 0x44a00000)
 Metaspace       used 22636K, capacity 22824K, committed 23040K, reserved 23936K
GC Heap History (10 events):
Event: 84.995 GC heap before
{Heap before GC invocations=15 (full 9):
 par new generation   total 314560K, used 312064K [0x04a00000, 0x19f50000, 0x19f50000)
  eden space 279616K, 100% used [0x04a00000, 0x15b10000, 0x15b10000)
  from space 34944K,  92% used [0x17d30000, 0x19ce03c0, 0x19f50000)
  to   space 34944K,   0% used [0x15b10000, 0x15b10000, 0x17d30000)
 concurrent mark-sweep generation total 699072K, used 107354K [0x19f50000, 0x44a00000, 0x44a00000)
 Metaspace       used 22474K, capacity 22696K, committed 22912K, reserved 22912K
Event: 85.001 GC heap after
Heap after GC invocations=16 (full 9):
 par new generation   total 314560K, used 30996K [0x04a00000, 0x19f50000, 0x19f50000)
  eden space 279616K,   0% used [0x04a00000, 0x04a00000, 0x15b10000)
  from space 34944K,  88% used [0x15b10000, 0x17955328, 0x17d30000)
  to   space 34944K,   0% used [0x17d30000, 0x17d30000, 0x19f50000)
 concurrent mark-sweep generation total 699072K, used 107354K [0x19f50000, 0x44a00000, 0x44a00000)
 Metaspace       used 22474K, capacity 22696K, committed 22912K, reserved 22912K
}
Event: 87.706 GC heap before
{Heap before GC invocations=16 (full 9):
 par new generation   total 314560K, used 305118K [0x04a00000, 0x19f50000, 0x19f50000)
  eden space 279616K,  98% used [0x04a00000, 0x155b2690, 0x15b10000)
  from space 34944K,  88% used [0x15b10000, 0x17955328, 0x17d30000)
  to   space 34944K,   0% used [0x17d30000, 0x17d30000, 0x19f50000)
 concurrent mark-sweep generation total 699072K, used 105995K [0x19f50000, 0x44a00000, 0x44a00000)
 Metaspace       used 22539K, capacity 22760K, committed 22912K, reserved 22912K
Event: 87.718 GC heap after
Heap after GC invocations=17 (full 9):
 par new generation   total 314560K, used 34944K [0x04a00000, 0x19f50000, 0x19f50000)
  eden space 279616K,   0% used [0x04a00000, 0x04a00000, 0x15b10000)
  from space 34944K, 100% used [0x17d30000, 0x19f50000, 0x19f50000)
  to   space 34944K,   0% used [0x15b10000, 0x15b10000, 0x17d30000)
 concurrent mark-sweep generation total 699072K, used 116113K [0x19f50000, 0x44a00000, 0x44a00000)
 Metaspace       used 22539K, capacity 22760K, committed 22912K, reserved 22912K
}
Event: 99.344 GC heap before
{Heap before GC invocations=17 (full 10):
 par new generation   total 314560K, used 306829K [0x04a00000, 0x19f50000, 0x19f50000)
  eden space 279616K,  97% used [0x04a00000, 0x153835a0, 0x15b10000)
  from space 34944K, 100% used [0x17d30000, 0x19f50000, 0x19f50000)
  to   space 34944K,   0% used [0x15b10000, 0x15b10000, 0x17d30000)
 concurrent mark-sweep generation total 699072K, used 116113K [0x19f50000, 0x44a00000, 0x44a00000)
 Metaspace       used 22561K, capacity 22760K, committed 22912K, reserved 22912K
Event: 99.358 GC heap after
Heap after GC invocations=18 (full 10):
 par new generation   total 314560K, used 28332K [0x04a00000, 0x19f50000, 0x19f50000)
  eden space 279616K,   0% used [0x04a00000, 0x04a00000, 0x15b10000)
  from space 34944K,  81% used [0x15b10000, 0x176bb3b8, 0x17d30000)
  to   space 34944K,   0% used [0x17d30000, 0x17d30000, 0x19f50000)
 concurrent mark-sweep generation total 699072K, used 130984K [0x19f50000, 0x44a00000, 0x44a00000)
 Metaspace       used 22561K, capacity 22760K, committed 22912K, reserved 22912K
}
Event: 109.443 GC heap before
{Heap before GC invocations=18 (full 10):
 par new generation   total 314560K, used 307948K [0x04a00000, 0x19f50000, 0x19f50000)
  eden space 279616K, 100% used [0x04a00000, 0x15b10000, 0x15b10000)
  from space 34944K,  81% used [0x15b10000, 0x176bb3b8, 0x17d30000)
  to   space 34944K,   0% used [0x17d30000, 0x17d30000, 0x19f50000)
 concurrent mark-sweep generation total 699072K, used 130521K [0x19f50000, 0x44a00000, 0x44a00000)
 Metaspace       used 22566K, capacity 22760K, committed 22912K, reserved 22912K
Event: 109.448 GC heap after
Heap after GC invocations=19 (full 10):
 par new generation   total 314560K, used 20809K [0x04a00000, 0x19f50000, 0x19f50000)
  eden space 279616K,   0% used [0x04a00000, 0x04a00000, 0x15b10000)
  from space 34944K,  59% used [0x17d30000, 0x191827f8, 0x19f50000)
  to   space 34944K,   0% used [0x15b10000, 0x15b10000, 0x17d30000)
 concurrent mark-sweep generation total 699072K, used 130521K [0x19f50000, 0x44a00000, 0x44a00000)
 Metaspace       used 22566K, capacity 22760K, committed 22912K, reserved 22912K
}
Event: 130.444 GC heap before
{Heap before GC invocations=19 (full 11):
 par new generation   total 314560K, used 300425K [0x04a00000, 0x19f50000, 0x19f50000)
  eden space 279616K, 100% used [0x04a00000, 0x15b10000, 0x15b10000)
  from space 34944K,  59% used [0x17d30000, 0x191827f8, 0x19f50000)
  to   space 34944K,   0% used [0x15b10000, 0x15b10000, 0x17d30000)
 concurrent mark-sweep generation total 699072K, used 130521K [0x19f50000, 0x44a00000, 0x44a00000)
 Metaspace       used 22635K, capacity 22824K, committed 23040K, reserved 23936K
Event: 130.450 GC heap after
Heap after GC invocations=20 (full 11):
 par new generation   total 314560K, used 31402K [0x04a00000, 0x19f50000, 0x19f50000)
  eden space 279616K,   0% used [0x04a00000, 0x04a00000, 0x15b10000)
  from space 34944K,  89% used [0x15b10000, 0x179ba9f0, 0x17d30000)
  to   space 34944K,   0% used [0x17d30000, 0x17d30000, 0x19f50000)
 concurrent mark-sweep generation total 699072K, used 130521K [0x19f50000, 0x44a00000, 0x44a00000)
 Metaspace       used 22635K, capacity 22824K, committed 23040K, reserved 23936K
}

