# JRE version: Java(TM) SE Runtime Environment (8.0_73-b02) (build 1.8.0_73-b02)
# Java VM: Java HotSpot(TM) Client VM (25.73-b02 mixed mode windows-x86 )
Heap:
 par new generation   total 314560K, used 256218K [0x04a00000, 0x19f50000, 0x19f50000)
  eden space 279616K,  83% used [0x04a00000, 0x12cd4ce0, 0x15b10000)
  from space 34944K,  68% used [0x17d30000, 0x19491e40, 0x19f50000)
  to   space 34944K,   0% used [0x15b10000, 0x15b10000, 0x17d30000)
 concurrent mark-sweep generation total 699072K, used 147970K [0x19f50000, 0x44a00000, 0x44a00000)
 Metaspace       used 22539K, capacity 22730K, committed 22912K, reserved 22912K
GC Heap History (10 events):
Event: 30.126 GC heap before
{Heap before GC invocations=12 (full 8):
 par new generation   total 314560K, used 108132K [0x04a00000, 0x19f50000, 0x19f50000)
  eden space 279616K,  26% used [0x04a00000, 0x09179330, 0x15b10000)
  from space 34944K, 100% used [0x17d30000, 0x19f50000, 0x19f50000)
  to   space 34944K,   0% used [0x15b10000, 0x15b10000, 0x17d30000)
 concurrent mark-sweep generation total 699072K, used 65761K [0x19f50000, 0x44a00000, 0x44a00000)
 Metaspace       used 20724K, capacity 20933K, committed 21120K, reserved 21888K
Event: 30.255 GC heap after
Heap after GC invocations=13 (full 9):
 par new generation   total 314560K, used 0K [0x04a00000, 0x19f50000, 0x19f50000)
  eden space 279616K,   0% used [0x04a00000, 0x04a00000, 0x15b10000)
  from space 34944K,   0% used [0x17d30000, 0x17d30000, 0x19f50000)
  to   space 34944K,   0% used [0x15b10000, 0x15b10000, 0x17d30000)
 concurrent mark-sweep generation total 699072K, used 103345K [0x19f50000, 0x44a00000, 0x44a00000)
 Metaspace       used 20724K, capacity 20933K, committed 21120K, reserved 21888K
}
Event: 32.510 GC heap before
{Heap before GC invocations=13 (full 10):
 par new generation   total 314560K, used 279616K [0x04a00000, 0x19f50000, 0x19f50000)
  eden space 279616K, 100% used [0x04a00000, 0x15b10000, 0x15b10000)
  from space 34944K,   0% used [0x17d30000, 0x17d30000, 0x19f50000)
  to   space 34944K,   0% used [0x15b10000, 0x15b10000, 0x17d30000)
 concurrent mark-sweep generation total 699072K, used 103345K [0x19f50000, 0x44a00000, 0x44a00000)
 Metaspace       used 21967K, capacity 22179K, committed 22400K, reserved 22912K
Event: 32.516 GC heap after
Heap after GC invocations=14 (full 10):
 par new generation   total 314560K, used 28832K [0x04a00000, 0x19f50000, 0x19f50000)
  eden space 279616K,   0% used [0x04a00000, 0x04a00000, 0x15b10000)
  from space 34944K,  82% used [0x15b10000, 0x177381b0, 0x17d30000)
  to   space 34944K,   0% used [0x17d30000, 0x17d30000, 0x19f50000)
 concurrent mark-sweep generation total 699072K, used 103345K [0x19f50000, 0x44a00000, 0x44a00000)
 Metaspace       used 21967K, capacity 22179K, committed 22400K, reserved 22912K
}
Event: 34.209 GC heap before
{Heap before GC invocations=14 (full 10):
 par new generation   total 314560K, used 308448K [0x04a00000, 0x19f50000, 0x19f50000)
  eden space 279616K, 100% used [0x04a00000, 0x15b10000, 0x15b10000)
  from space 34944K,  82% used [0x15b10000, 0x177381b0, 0x17d30000)
  to   space 34944K,   0% used [0x17d30000, 0x17d30000, 0x19f50000)
 concurrent mark-sweep generation total 699072K, used 103345K [0x19f50000, 0x44a00000, 0x44a00000)
 Metaspace       used 22243K, capacity 22467K, committed 22656K, reserved 22912K
Event: 34.222 GC heap after
Heap after GC invocations=15 (full 10):
 par new generation   total 314560K, used 20247K [0x04a00000, 0x19f50000, 0x19f50000)
  eden space 279616K,   0% used [0x04a00000, 0x04a00000, 0x15b10000)
  from space 34944K,  57% used [0x17d30000, 0x190f5c80, 0x19f50000)
  to   space 34944K,   0% used [0x15b10000, 0x15b10000, 0x17d30000)
 concurrent mark-sweep generation total 699072K, used 121047K [0x19f50000, 0x44a00000, 0x44a00000)
 Metaspace       used 22243K, capacity 22467K, committed 22656K, reserved 22912K
}
Event: 38.471 GC heap before
{Heap before GC invocations=15 (full 10):
 par new generation   total 314560K, used 299852K [0x04a00000, 0x19f50000, 0x19f50000)
  eden space 279616K,  99% used [0x04a00000, 0x15b0d500, 0x15b10000)
  from space 34944K,  57% used [0x17d30000, 0x190f5c80, 0x19f50000)
  to   space 34944K,   0% used [0x15b10000, 0x15b10000, 0x17d30000)
 concurrent mark-sweep generation total 699072K, used 119518K [0x19f50000, 0x44a00000, 0x44a00000)
 Metaspace       used 22262K, capacity 22467K, committed 22656K, reserved 22912K
Event: 38.478 GC heap after
Heap after GC invocations=16 (full 10):
 par new generation   total 314560K, used 34944K [0x04a00000, 0x19f50000, 0x19f50000)
  eden space 279616K,   0% used [0x04a00000, 0x04a00000, 0x15b10000)
  from space 34944K, 100% used [0x15b10000, 0x17d30000, 0x17d30000)
  to   space 34944K,   0% used [0x17d30000, 0x17d30000, 0x19f50000)
 concurrent mark-sweep generation total 699072K, used 119579K [0x19f50000, 0x44a00000, 0x44a00000)
 Metaspace       used 22262K, capacity 22467K, committed 22656K, reserved 22912K
}
Event: 44.535 GC heap before
{Heap before GC invocations=16 (full 11):
 par new generation   total 314560K, used 306107K [0x04a00000, 0x19f50000, 0x19f50000)
  eden space 279616K,  96% used [0x04a00000, 0x152cefe8, 0x15b10000)
  from space 34944K, 100% used [0x15b10000, 0x17d30000, 0x17d30000)
  to   space 34944K,   0% used [0x17d30000, 0x17d30000, 0x19f50000)
 concurrent mark-sweep generation total 699072K, used 119579K [0x19f50000, 0x44a00000, 0x44a00000)
 Metaspace       used 22279K, capacity 22467K, committed 22656K, reserved 22912K
Event: 44.557 GC heap after
Heap after GC invocations=17 (full 11):
 par new generation   total 314560K, used 23943K [0x04a00000, 0x19f50000, 0x19f50000)
  eden space 279616K,   0% used [0x04a00000, 0x04a00000, 0x15b10000)
  from space 34944K,  68% used [0x17d30000, 0x19491e40, 0x19f50000)
  to   space 34944K,   0% used [0x15b10000, 0x15b10000, 0x17d30000)
 concurrent mark-sweep generation total 699072K, used 148091K [0x19f50000, 0x44a00000, 0x44a00000)
 Metaspace       used 22279K, capacity 22467K, committed 22656K, reserved 22912K
}

