# JRE version: Java(TM) SE Runtime Environment (8.0_73-b02) (build 1.8.0_73-b02)
# Java VM: Java HotSpot(TM) Client VM (25.73-b02 mixed mode windows-x86 )
Heap:
 par new generation   total 314560K, used 5545K [0x04a00000, 0x19f50000, 0x19f50000)
  eden space 279616K,   1% used [0x04a00000, 0x04f6a618, 0x15b10000)
  from space 34944K,   0% used [0x15b10000, 0x15b10000, 0x17d30000)
  to   space 34944K,   0% used [0x17d30000, 0x17d30000, 0x19f50000)
 concurrent mark-sweep generation total 699072K, used 157972K [0x19f50000, 0x44a00000, 0x44a00000)
 Metaspace       used 22656K, capacity 22856K, committed 23040K, reserved 23936K
GC Heap History (10 events):
Event: 32.289 GC heap before
{Heap before GC invocations=14 (full 9):
 par new generation   total 314560K, used 314560K [0x04a00000, 0x19f50000, 0x19f50000)
  eden space 279616K, 100% used [0x04a00000, 0x15b10000, 0x15b10000)
  from space 34944K, 100% used [0x15b10000, 0x17d30000, 0x17d30000)
  to   space 34944K,   0% used [0x17d30000, 0x17d30000, 0x19f50000)
 concurrent mark-sweep generation total 699072K, used 104282K [0x19f50000, 0x44a00000, 0x44a00000)
 Metaspace       used 22522K, capacity 22728K, committed 22912K, reserved 22912K
Event: 32.307 GC heap after
Heap after GC invocations=15 (full 9):
 par new generation   total 314560K, used 31179K [0x04a00000, 0x19f50000, 0x19f50000)
  eden space 279616K,   0% used [0x04a00000, 0x04a00000, 0x15b10000)
  from space 34944K,  89% used [0x17d30000, 0x19ba2e78, 0x19f50000)
  to   space 34944K,   0% used [0x15b10000, 0x15b10000, 0x17d30000)
 concurrent mark-sweep generation total 699072K, used 127185K [0x19f50000, 0x44a00000, 0x44a00000)
 Metaspace       used 22522K, capacity 22728K, committed 22912K, reserved 22912K
}
Event: 38.648 GC heap before
{Heap before GC invocations=15 (full 10):
 par new generation   total 314560K, used 303252K [0x04a00000, 0x19f50000, 0x19f50000)
  eden space 279616K,  97% used [0x04a00000, 0x153b21f8, 0x15b10000)
  from space 34944K,  89% used [0x17d30000, 0x19ba2e78, 0x19f50000)
  to   space 34944K,   0% used [0x15b10000, 0x15b10000, 0x17d30000)
 concurrent mark-sweep generation total 699072K, used 127185K [0x19f50000, 0x44a00000, 0x44a00000)
 Metaspace       used 22574K, capacity 22760K, committed 22912K, reserved 22912K
Event: 38.667 GC heap after
Heap after GC invocations=16 (full 10):
 par new generation   total 314560K, used 22846K [0x04a00000, 0x19f50000, 0x19f50000)
  eden space 279616K,   0% used [0x04a00000, 0x04a00000, 0x15b10000)
  from space 34944K,  65% used [0x15b10000, 0x1715fa88, 0x17d30000)
  to   space 34944K,   0% used [0x17d30000, 0x17d30000, 0x19f50000)
 concurrent mark-sweep generation total 699072K, used 148682K [0x19f50000, 0x44a00000, 0x44a00000)
 Metaspace       used 22574K, capacity 22760K, committed 22912K, reserved 22912K
}
Event: 49.675 GC heap before
{Heap before GC invocations=16 (full 10):
 par new generation   total 314560K, used 302462K [0x04a00000, 0x19f50000, 0x19f50000)
  eden space 279616K, 100% used [0x04a00000, 0x15b10000, 0x15b10000)
  from space 34944K,  65% used [0x15b10000, 0x1715fa88, 0x17d30000)
  to   space 34944K,   0% used [0x17d30000, 0x17d30000, 0x19f50000)
 concurrent mark-sweep generation total 699072K, used 144624K [0x19f50000, 0x44a00000, 0x44a00000)
 Metaspace       used 22619K, capacity 22856K, committed 23040K, reserved 23936K
Event: 49.679 GC heap after
Heap after GC invocations=17 (full 10):
 par new generation   total 314560K, used 17367K [0x04a00000, 0x19f50000, 0x19f50000)
  eden space 279616K,   0% used [0x04a00000, 0x04a00000, 0x15b10000)
  from space 34944K,  49% used [0x17d30000, 0x18e25e30, 0x19f50000)
  to   space 34944K,   0% used [0x15b10000, 0x15b10000, 0x17d30000)
 concurrent mark-sweep generation total 699072K, used 144624K [0x19f50000, 0x44a00000, 0x44a00000)
 Metaspace       used 22619K, capacity 22856K, committed 23040K, reserved 23936K
}
Event: 67.352 GC heap before
{Heap before GC invocations=17 (full 11):
 par new generation   total 314560K, used 296983K [0x04a00000, 0x19f50000, 0x19f50000)
  eden space 279616K, 100% used [0x04a00000, 0x15b10000, 0x15b10000)
  from space 34944K,  49% used [0x17d30000, 0x18e25e30, 0x19f50000)
  to   space 34944K,   0% used [0x15b10000, 0x15b10000, 0x17d30000)
 concurrent mark-sweep generation total 699072K, used 144624K [0x19f50000, 0x44a00000, 0x44a00000)
 Metaspace       used 22634K, capacity 22856K, committed 23040K, reserved 23936K
Event: 67.358 GC heap after
Heap after GC invocations=18 (full 11):
 par new generation   total 314560K, used 26769K [0x04a00000, 0x19f50000, 0x19f50000)
  eden space 279616K,   0% used [0x04a00000, 0x04a00000, 0x15b10000)
  from space 34944K,  76% used [0x15b10000, 0x175346c0, 0x17d30000)
  to   space 34944K,   0% used [0x17d30000, 0x17d30000, 0x19f50000)
 concurrent mark-sweep generation total 699072K, used 144624K [0x19f50000, 0x44a00000, 0x44a00000)
 Metaspace       used 22634K, capacity 22856K, committed 23040K, reserved 23936K
}
Event: 79.694 GC heap before
{Heap before GC invocations=18 (full 11):
 par new generation   total 314560K, used 266036K [0x04a00000, 0x19f50000, 0x19f50000)
  eden space 279616K,  85% used [0x04a00000, 0x133a8cb0, 0x15b10000)
  from space 34944K,  76% used [0x15b10000, 0x175346c0, 0x17d30000)
  to   space 34944K,   0% used [0x17d30000, 0x17d30000, 0x19f50000)
 concurrent mark-sweep generation total 699072K, used 140318K [0x19f50000, 0x44a00000, 0x44a00000)
 Metaspace       used 22652K, capacity 22856K, committed 23040K, reserved 23936K
Event: 79.858 GC heap after
Heap after GC invocations=19 (full 12):
 par new generation   total 314560K, used 0K [0x04a00000, 0x19f50000, 0x19f50000)
  eden space 279616K,   0% used [0x04a00000, 0x04a00000, 0x15b10000)
  from space 34944K,   0% used [0x15b10000, 0x15b10000, 0x17d30000)
  to   space 34944K,   0% used [0x17d30000, 0x17d30000, 0x19f50000)
 concurrent mark-sweep generation total 699072K, used 157972K [0x19f50000, 0x44a00000, 0x44a00000)
 Metaspace       used 22652K, capacity 22856K, committed 23040K, reserved 23936K
}

