# JRE version: Java(TM) SE Runtime Environment (8.0_73-b02) (build 1.8.0_73-b02)
# Java VM: Java HotSpot(TM) Client VM (25.73-b02 mixed mode windows-x86 )
Heap:
 par new generation   total 314560K, used 117025K [0x04a00000, 0x19f50000, 0x19f50000)
  eden space 279616K,  35% used [0x04a00000, 0x0abf48d8, 0x15b10000)
  from space 34944K,  47% used [0x17d30000, 0x18d83ec8, 0x19f50000)
  to   space 34944K,   0% used [0x15b10000, 0x15b10000, 0x17d30000)
 concurrent mark-sweep generation total 699072K, used 173164K [0x19f50000, 0x44a00000, 0x44a00000)
 Metaspace       used 22545K, capacity 22772K, committed 22912K, reserved 22912K
GC Heap History (10 events):
Event: 76.387 GC heap before
{Heap before GC invocations=18 (full 11):
 par new generation   total 314560K, used 287895K [0x04a00000, 0x19f50000, 0x19f50000)
  eden space 279616K,  95% used [0x04a00000, 0x14e435a8, 0x15b10000)
  from space 34944K,  61% used [0x15b10000, 0x16ff2a40, 0x17d30000)
  to   space 34944K,   0% used [0x17d30000, 0x17d30000, 0x19f50000)
 concurrent mark-sweep generation total 699072K, used 169658K [0x19f50000, 0x44a00000, 0x44a00000)
 Metaspace       used 22538K, capacity 22772K, committed 22912K, reserved 22912K
Event: 76.389 GC heap after
Heap after GC invocations=19 (full 11):
 par new generation   total 314560K, used 13054K [0x04a00000, 0x19f50000, 0x19f50000)
  eden space 279616K,   0% used [0x04a00000, 0x04a00000, 0x15b10000)
  from space 34944K,  37% used [0x17d30000, 0x189ef918, 0x19f50000)
  to   space 34944K,   0% used [0x15b10000, 0x15b10000, 0x17d30000)
 concurrent mark-sweep generation total 699072K, used 169658K [0x19f50000, 0x44a00000, 0x44a00000)
 Metaspace       used 22538K, capacity 22772K, committed 22912K, reserved 22912K
}
Event: 76.468 GC heap before
{Heap before GC invocations=19 (full 11):
 par new generation   total 314560K, used 279761K [0x04a00000, 0x19f50000, 0x19f50000)
  eden space 279616K,  95% used [0x04a00000, 0x14e74bb0, 0x15b10000)
  from space 34944K,  37% used [0x17d30000, 0x189ef918, 0x19f50000)
  to   space 34944K,   0% used [0x15b10000, 0x15b10000, 0x17d30000)
 concurrent mark-sweep generation total 699072K, used 169406K [0x19f50000, 0x44a00000, 0x44a00000)
 Metaspace       used 22538K, capacity 22772K, committed 22912K, reserved 22912K
Event: 76.471 GC heap after
Heap after GC invocations=20 (full 11):
 par new generation   total 314560K, used 16099K [0x04a00000, 0x19f50000, 0x19f50000)
  eden space 279616K,   0% used [0x04a00000, 0x04a00000, 0x15b10000)
  from space 34944K,  46% used [0x15b10000, 0x16ac8c00, 0x17d30000)
  to   space 34944K,   0% used [0x17d30000, 0x17d30000, 0x19f50000)
 concurrent mark-sweep generation total 699072K, used 169406K [0x19f50000, 0x44a00000, 0x44a00000)
 Metaspace       used 22538K, capacity 22772K, committed 22912K, reserved 22912K
}
Event: 76.796 GC heap before
{Heap before GC invocations=20 (full 11):
 par new generation   total 314560K, used 292565K [0x04a00000, 0x19f50000, 0x19f50000)
  eden space 279616K,  98% used [0x04a00000, 0x157fc8d8, 0x15b10000)
  from space 34944K,  46% used [0x15b10000, 0x16ac8c00, 0x17d30000)
  to   space 34944K,   0% used [0x17d30000, 0x17d30000, 0x19f50000)
 concurrent mark-sweep generation total 699072K, used 169406K [0x19f50000, 0x44a00000, 0x44a00000)
 Metaspace       used 22538K, capacity 22772K, committed 22912K, reserved 22912K
Event: 76.800 GC heap after
Heap after GC invocations=21 (full 11):
 par new generation   total 314560K, used 17018K [0x04a00000, 0x19f50000, 0x19f50000)
  eden space 279616K,   0% used [0x04a00000, 0x04a00000, 0x15b10000)
  from space 34944K,  48% used [0x17d30000, 0x18dce830, 0x19f50000)
  to   space 34944K,   0% used [0x15b10000, 0x15b10000, 0x17d30000)
 concurrent mark-sweep generation total 699072K, used 169406K [0x19f50000, 0x44a00000, 0x44a00000)
 Metaspace       used 22538K, capacity 22772K, committed 22912K, reserved 22912K
}
Event: 76.879 GC heap before
{Heap before GC invocations=21 (full 12):
 par new generation   total 314560K, used 284502K [0x04a00000, 0x19f50000, 0x19f50000)
  eden space 279616K,  95% used [0x04a00000, 0x14f37120, 0x15b10000)
  from space 34944K,  48% used [0x17d30000, 0x18dce830, 0x19f50000)
  to   space 34944K,   0% used [0x15b10000, 0x15b10000, 0x17d30000)
 concurrent mark-sweep generation total 699072K, used 169406K [0x19f50000, 0x44a00000, 0x44a00000)
 Metaspace       used 22538K, capacity 22772K, committed 22912K, reserved 22912K
Event: 76.882 GC heap after
Heap after GC invocations=22 (full 12):
 par new generation   total 314560K, used 15800K [0x04a00000, 0x19f50000, 0x19f50000)
  eden space 279616K,   0% used [0x04a00000, 0x04a00000, 0x15b10000)
  from space 34944K,  45% used [0x15b10000, 0x16a7e378, 0x17d30000)
  to   space 34944K,   0% used [0x17d30000, 0x17d30000, 0x19f50000)
 concurrent mark-sweep generation total 699072K, used 169406K [0x19f50000, 0x44a00000, 0x44a00000)
 Metaspace       used 22538K, capacity 22772K, committed 22912K, reserved 22912K
}
Event: 76.967 GC heap before
{Heap before GC invocations=22 (full 12):
 par new generation   total 314560K, used 283205K [0x04a00000, 0x19f50000, 0x19f50000)
  eden space 279616K,  95% used [0x04a00000, 0x14f23418, 0x15b10000)
  from space 34944K,  45% used [0x15b10000, 0x16a7e378, 0x17d30000)
  to   space 34944K,   0% used [0x17d30000, 0x17d30000, 0x19f50000)
 concurrent mark-sweep generation total 699072K, used 169406K [0x19f50000, 0x44a00000, 0x44a00000)
 Metaspace       used 22538K, capacity 22772K, committed 22912K, reserved 22912K
Event: 76.971 GC heap after
Heap after GC invocations=23 (full 12):
 par new generation   total 314560K, used 16719K [0x04a00000, 0x19f50000, 0x19f50000)
  eden space 279616K,   0% used [0x04a00000, 0x04a00000, 0x15b10000)
  from space 34944K,  47% used [0x17d30000, 0x18d83ec8, 0x19f50000)
  to   space 34944K,   0% used [0x15b10000, 0x15b10000, 0x17d30000)
 concurrent mark-sweep generation total 699072K, used 173164K [0x19f50000, 0x44a00000, 0x44a00000)
 Metaspace       used 22538K, capacity 22772K, committed 22912K, reserved 22912K
}

