# JRE version: Java(TM) SE Runtime Environment (8.0_73-b02) (build 1.8.0_73-b02)
# Java VM: Java HotSpot(TM) Client VM (25.73-b02 mixed mode windows-x86 )
Heap:
 par new generation   total 314560K, used 6394K [0x04a00000, 0x19f50000, 0x19f50000)
  eden space 279616K,   2% used [0x04a00000, 0x0503e9f0, 0x15b10000)
  from space 34944K,   0% used [0x17d30000, 0x17d30000, 0x19f50000)
  to   space 34944K,   0% used [0x15b10000, 0x15b10000, 0x17d30000)
 concurrent mark-sweep generation total 699072K, used 154536K [0x19f50000, 0x44a00000, 0x44a00000)
 Metaspace       used 22138K, capacity 22334K, committed 22528K, reserved 22912K
GC Heap History (10 events):
Event: 61.796 GC heap before
{Heap before GC invocations=13 (full 9):
 par new generation   total 314560K, used 274539K [0x04a00000, 0x19f50000, 0x19f50000)
  eden space 279616K,  98% used [0x04a00000, 0x1561af10, 0x15b10000)
  from space 34944K,   0% used [0x17d30000, 0x17d30000, 0x19f50000)
  to   space 34944K,   0% used [0x15b10000, 0x15b10000, 0x17d30000)
 concurrent mark-sweep generation total 699072K, used 104767K [0x19f50000, 0x44a00000, 0x44a00000)
 Metaspace       used 21995K, capacity 22174K, committed 22272K, reserved 22912K
Event: 61.803 GC heap after
Heap after GC invocations=14 (full 9):
 par new generation   total 314560K, used 28942K [0x04a00000, 0x19f50000, 0x19f50000)
  eden space 279616K,   0% used [0x04a00000, 0x04a00000, 0x15b10000)
  from space 34944K,  82% used [0x15b10000, 0x17753b60, 0x17d30000)
  to   space 34944K,   0% used [0x17d30000, 0x17d30000, 0x19f50000)
 concurrent mark-sweep generation total 699072K, used 104767K [0x19f50000, 0x44a00000, 0x44a00000)
 Metaspace       used 21995K, capacity 22174K, committed 22272K, reserved 22912K
}
Event: 69.073 GC heap before
{Heap before GC invocations=14 (full 10):
 par new generation   total 314560K, used 297404K [0x04a00000, 0x19f50000, 0x19f50000)
  eden space 279616K,  96% used [0x04a00000, 0x1502b5d8, 0x15b10000)
  from space 34944K,  82% used [0x15b10000, 0x17753b60, 0x17d30000)
  to   space 34944K,   0% used [0x17d30000, 0x17d30000, 0x19f50000)
 concurrent mark-sweep generation total 699072K, used 104767K [0x19f50000, 0x44a00000, 0x44a00000)
 Metaspace       used 22056K, capacity 22238K, committed 22400K, reserved 22912K
Event: 69.087 GC heap after
Heap after GC invocations=15 (full 10):
 par new generation   total 314560K, used 34944K [0x04a00000, 0x19f50000, 0x19f50000)
  eden space 279616K,   0% used [0x04a00000, 0x04a00000, 0x15b10000)
  from space 34944K, 100% used [0x17d30000, 0x19f50000, 0x19f50000)
  to   space 34944K,   0% used [0x15b10000, 0x15b10000, 0x17d30000)
 concurrent mark-sweep generation total 699072K, used 111086K [0x19f50000, 0x44a00000, 0x44a00000)
 Metaspace       used 22056K, capacity 22238K, committed 22400K, reserved 22912K
}
Event: 78.024 GC heap before
{Heap before GC invocations=15 (full 10):
 par new generation   total 314560K, used 314560K [0x04a00000, 0x19f50000, 0x19f50000)
  eden space 279616K, 100% used [0x04a00000, 0x15b10000, 0x15b10000)
  from space 34944K, 100% used [0x17d30000, 0x19f50000, 0x19f50000)
  to   space 34944K,   0% used [0x15b10000, 0x15b10000, 0x17d30000)
 concurrent mark-sweep generation total 699072K, used 109185K [0x19f50000, 0x44a00000, 0x44a00000)
 Metaspace       used 22116K, capacity 22302K, committed 22400K, reserved 22912K
Event: 78.055 GC heap after
Heap after GC invocations=16 (full 10):
 par new generation   total 314560K, used 29459K [0x04a00000, 0x19f50000, 0x19f50000)
  eden space 279616K,   0% used [0x04a00000, 0x04a00000, 0x15b10000)
  from space 34944K,  84% used [0x15b10000, 0x177d4db8, 0x17d30000)
  to   space 34944K,   0% used [0x17d30000, 0x17d30000, 0x19f50000)
 concurrent mark-sweep generation total 699072K, used 143707K [0x19f50000, 0x44a00000, 0x44a00000)
 Metaspace       used 22116K, capacity 22302K, committed 22400K, reserved 22912K
}
Event: 90.660 GC heap before
{Heap before GC invocations=16 (full 11):
 par new generation   total 314560K, used 309075K [0x04a00000, 0x19f50000, 0x19f50000)
  eden space 279616K, 100% used [0x04a00000, 0x15b10000, 0x15b10000)
  from space 34944K,  84% used [0x15b10000, 0x177d4db8, 0x17d30000)
  to   space 34944K,   0% used [0x17d30000, 0x17d30000, 0x19f50000)
 concurrent mark-sweep generation total 699072K, used 143707K [0x19f50000, 0x44a00000, 0x44a00000)
 Metaspace       used 22117K, capacity 22302K, committed 22400K, reserved 22912K
Event: 90.663 GC heap after
Heap after GC invocations=17 (full 11):
 par new generation   total 314560K, used 20370K [0x04a00000, 0x19f50000, 0x19f50000)
  eden space 279616K,   0% used [0x04a00000, 0x04a00000, 0x15b10000)
  from space 34944K,  58% used [0x17d30000, 0x19114928, 0x19f50000)
  to   space 34944K,   0% used [0x15b10000, 0x15b10000, 0x17d30000)
 concurrent mark-sweep generation total 699072K, used 143707K [0x19f50000, 0x44a00000, 0x44a00000)
 Metaspace       used 22117K, capacity 22302K, committed 22400K, reserved 22912K
}
Event: 94.030 GC heap before
{Heap before GC invocations=17 (full 11):
 par new generation   total 314560K, used 112168K [0x04a00000, 0x19f50000, 0x19f50000)
  eden space 279616K,  32% used [0x04a00000, 0x0a3a5998, 0x15b10000)
  from space 34944K,  58% used [0x17d30000, 0x19114928, 0x19f50000)
  to   space 34944K,   0% used [0x15b10000, 0x15b10000, 0x17d30000)
 concurrent mark-sweep generation total 699072K, used 140651K [0x19f50000, 0x44a00000, 0x44a00000)
 Metaspace       used 22134K, capacity 22302K, committed 22400K, reserved 22912K
Event: 94.180 GC heap after
Heap after GC invocations=18 (full 12):
 par new generation   total 314560K, used 0K [0x04a00000, 0x19f50000, 0x19f50000)
  eden space 279616K,   0% used [0x04a00000, 0x04a00000, 0x15b10000)
  from space 34944K,   0% used [0x17d30000, 0x17d30000, 0x19f50000)
  to   space 34944K,   0% used [0x15b10000, 0x15b10000, 0x17d30000)
 concurrent mark-sweep generation total 699072K, used 154536K [0x19f50000, 0x44a00000, 0x44a00000)
 Metaspace       used 22134K, capacity 22302K, committed 22400K, reserved 22912K
}

