# JRE version: Java(TM) SE Runtime Environment (8.0_73-b02) (build 1.8.0_73-b02)
# Java VM: Java HotSpot(TM) Client VM (25.73-b02 mixed mode windows-x86 )
Heap:
 par new generation   total 314560K, used 253546K [0x04c00000, 0x1a150000, 0x1a150000)
  eden space 279616K,  88% used [0x04c00000, 0x13cee128, 0x15d10000)
  from space 34944K,  19% used [0x17f30000, 0x185dcab8, 0x1a150000)
  to   space 34944K,   0% used [0x15d10000, 0x15d10000, 0x17f30000)
 concurrent mark-sweep generation total 699072K, used 144562K [0x1a150000, 0x44c00000, 0x44c00000)
 Metaspace       used 22592K, capacity 22792K, committed 22912K, reserved 22912K
GC Heap History (10 events):
Event: 24.835 GC heap before
{Heap before GC invocations=12 (full 7):
 par new generation   total 314560K, used 109067K [0x04c00000, 0x1a150000, 0x1a150000)
  eden space 279616K,  26% used [0x04c00000, 0x09462e50, 0x15d10000)
  from space 34944K, 100% used [0x17f30000, 0x1a150000, 0x1a150000)
  to   space 34944K,   0% used [0x15d10000, 0x15d10000, 0x17f30000)
 concurrent mark-sweep generation total 699072K, used 64432K [0x1a150000, 0x44c00000, 0x44c00000)
 Metaspace       used 20661K, capacity 20864K, committed 20992K, reserved 21888K
Event: 24.984 GC heap after
Heap after GC invocations=13 (full 8):
 par new generation   total 314560K, used 0K [0x04c00000, 0x1a150000, 0x1a150000)
  eden space 279616K,   0% used [0x04c00000, 0x04c00000, 0x15d10000)
  from space 34944K,   0% used [0x17f30000, 0x17f30000, 0x1a150000)
  to   space 34944K,   0% used [0x15d10000, 0x15d10000, 0x17f30000)
 concurrent mark-sweep generation total 699072K, used 103164K [0x1a150000, 0x44c00000, 0x44c00000)
 Metaspace       used 20661K, capacity 20864K, committed 20992K, reserved 21888K
}
Event: 27.057 GC heap before
{Heap before GC invocations=13 (full 9):
 par new generation   total 314560K, used 279616K [0x04c00000, 0x1a150000, 0x1a150000)
  eden space 279616K, 100% used [0x04c00000, 0x15d10000, 0x15d10000)
  from space 34944K,   0% used [0x17f30000, 0x17f30000, 0x1a150000)
  to   space 34944K,   0% used [0x15d10000, 0x15d10000, 0x17f30000)
 concurrent mark-sweep generation total 699072K, used 103164K [0x1a150000, 0x44c00000, 0x44c00000)
 Metaspace       used 21959K, capacity 22171K, committed 22272K, reserved 22912K
Event: 27.065 GC heap after
Heap after GC invocations=14 (full 9):
 par new generation   total 314560K, used 28744K [0x04c00000, 0x1a150000, 0x1a150000)
  eden space 279616K,   0% used [0x04c00000, 0x04c00000, 0x15d10000)
  from space 34944K,  82% used [0x15d10000, 0x17922038, 0x17f30000)
  to   space 34944K,   0% used [0x17f30000, 0x17f30000, 0x1a150000)
 concurrent mark-sweep generation total 699072K, used 103164K [0x1a150000, 0x44c00000, 0x44c00000)
 Metaspace       used 21959K, capacity 22171K, committed 22272K, reserved 22912K
}
Event: 37.840 GC heap before
{Heap before GC invocations=14 (full 9):
 par new generation   total 314560K, used 302754K [0x04c00000, 0x1a150000, 0x1a150000)
  eden space 279616K,  97% used [0x04c00000, 0x15796818, 0x15d10000)
  from space 34944K,  82% used [0x15d10000, 0x17922038, 0x17f30000)
  to   space 34944K,   0% used [0x17f30000, 0x17f30000, 0x1a150000)
 concurrent mark-sweep generation total 699072K, used 101632K [0x1a150000, 0x44c00000, 0x44c00000)
 Metaspace       used 22542K, capacity 22757K, committed 22912K, reserved 22912K
Event: 37.857 GC heap after
Heap after GC invocations=15 (full 9):
 par new generation   total 314560K, used 34944K [0x04c00000, 0x1a150000, 0x1a150000)
  eden space 279616K,   0% used [0x04c00000, 0x04c00000, 0x15d10000)
  from space 34944K, 100% used [0x17f30000, 0x1a150000, 0x1a150000)
  to   space 34944K,   0% used [0x15d10000, 0x15d10000, 0x17f30000)
 concurrent mark-sweep generation total 699072K, used 118273K [0x1a150000, 0x44c00000, 0x44c00000)
 Metaspace       used 22542K, capacity 22757K, committed 22912K, reserved 22912K
}
Event: 39.505 GC heap before
{Heap before GC invocations=15 (full 9):
 par new generation   total 314560K, used 311660K [0x04c00000, 0x1a150000, 0x1a150000)
  eden space 279616K,  98% used [0x04c00000, 0x15a3b2a8, 0x15d10000)
  from space 34944K, 100% used [0x17f30000, 0x1a150000, 0x1a150000)
  to   space 34944K,   0% used [0x15d10000, 0x15d10000, 0x17f30000)
 concurrent mark-sweep generation total 699072K, used 118273K [0x1a150000, 0x44c00000, 0x44c00000)
 Metaspace       used 22568K, capacity 22757K, committed 22912K, reserved 22912K
Event: 39.531 GC heap after
Heap after GC invocations=16 (full 9):
 par new generation   total 314560K, used 26519K [0x04c00000, 0x1a150000, 0x1a150000)
  eden space 279616K,   0% used [0x04c00000, 0x04c00000, 0x15d10000)
  from space 34944K,  75% used [0x15d10000, 0x176f5e20, 0x17f30000)
  to   space 34944K,   0% used [0x17f30000, 0x17f30000, 0x1a150000)
 concurrent mark-sweep generation total 699072K, used 146417K [0x1a150000, 0x44c00000, 0x44c00000)
 Metaspace       used 22568K, capacity 22757K, committed 22912K, reserved 22912K
}
Event: 47.750 GC heap before
{Heap before GC invocations=16 (full 10):
 par new generation   total 314560K, used 306135K [0x04c00000, 0x1a150000, 0x1a150000)
  eden space 279616K, 100% used [0x04c00000, 0x15d10000, 0x15d10000)
  from space 34944K,  75% used [0x15d10000, 0x176f5e20, 0x17f30000)
  to   space 34944K,   0% used [0x17f30000, 0x17f30000, 0x1a150000)
 concurrent mark-sweep generation total 699072K, used 146417K [0x1a150000, 0x44c00000, 0x44c00000)
 Metaspace       used 22575K, capacity 22757K, committed 22912K, reserved 22912K
Event: 47.753 GC heap after
Heap after GC invocations=17 (full 10):
 par new generation   total 314560K, used 6834K [0x04c00000, 0x1a150000, 0x1a150000)
  eden space 279616K,   0% used [0x04c00000, 0x04c00000, 0x15d10000)
  from space 34944K,  19% used [0x17f30000, 0x185dcab8, 0x1a150000)
  to   space 34944K,   0% used [0x15d10000, 0x15d10000, 0x17f30000)
 concurrent mark-sweep generation total 699072K, used 146417K [0x1a150000, 0x44c00000, 0x44c00000)
 Metaspace       used 22575K, capacity 22757K, committed 22912K, reserved 22912K
}

