# JRE version: Java(TM) SE Runtime Environment (8.0_73-b02) (build 1.8.0_73-b02)
# Java VM: Java HotSpot(TM) Client VM (25.73-b02 mixed mode windows-x86 )
Heap:
 par new generation   total 314560K, used 168899K [0x04a00000, 0x19f50000, 0x19f50000)
  eden space 279616K,  51% used [0x04a00000, 0x0d66ced0, 0x15b10000)
  from space 34944K,  73% used [0x15b10000, 0x17442c00, 0x17d30000)
  to   space 34944K,   0% used [0x17d30000, 0x17d30000, 0x19f50000)
 concurrent mark-sweep generation total 699072K, used 151334K [0x19f50000, 0x44a00000, 0x44a00000)
 Metaspace       used 22823K, capacity 23018K, committed 23168K, reserved 23936K
GC Heap History (10 events):
Event: 117.761 GC heap before
{Heap before GC invocations=17 (full 10):
 par new generation   total 314560K, used 279616K [0x04a00000, 0x19f50000, 0x19f50000)
  eden space 279616K, 100% used [0x04a00000, 0x15b10000, 0x15b10000)
  from space 34944K,   0% used [0x15b10000, 0x15b10000, 0x17d30000)
  to   space 34944K,   0% used [0x17d30000, 0x17d30000, 0x19f50000)
 concurrent mark-sweep generation total 699072K, used 57712K [0x19f50000, 0x44a00000, 0x44a00000)
 Metaspace       used 20204K, capacity 20418K, committed 20608K, reserved 20864K
Event: 117.778 GC heap after
Heap after GC invocations=18 (full 10):
 par new generation   total 314560K, used 34944K [0x04a00000, 0x19f50000, 0x19f50000)
  eden space 279616K,   0% used [0x04a00000, 0x04a00000, 0x15b10000)
  from space 34944K, 100% used [0x17d30000, 0x19f50000, 0x19f50000)
  to   space 34944K,   0% used [0x15b10000, 0x15b10000, 0x17d30000)
 concurrent mark-sweep generation total 699072K, used 65459K [0x19f50000, 0x44a00000, 0x44a00000)
 Metaspace       used 20204K, capacity 20418K, committed 20608K, reserved 20864K
}
Event: 118.069 GC heap before
{Heap before GC invocations=18 (full 10):
 par new generation   total 314560K, used 110761K [0x04a00000, 0x19f50000, 0x19f50000)
  eden space 279616K,  27% used [0x04a00000, 0x0940a4a8, 0x15b10000)
  from space 34944K, 100% used [0x17d30000, 0x19f50000, 0x19f50000)
  to   space 34944K,   0% used [0x15b10000, 0x15b10000, 0x17d30000)
 concurrent mark-sweep generation total 699072K, used 65459K [0x19f50000, 0x44a00000, 0x44a00000)
 Metaspace       used 20876K, capacity 21090K, committed 21248K, reserved 21888K
Event: 118.201 GC heap after
Heap after GC invocations=19 (full 11):
 par new generation   total 314560K, used 0K [0x04a00000, 0x19f50000, 0x19f50000)
  eden space 279616K,   0% used [0x04a00000, 0x04a00000, 0x15b10000)
  from space 34944K,   0% used [0x17d30000, 0x17d30000, 0x19f50000)
  to   space 34944K,   0% used [0x15b10000, 0x15b10000, 0x17d30000)
 concurrent mark-sweep generation total 699072K, used 103924K [0x19f50000, 0x44a00000, 0x44a00000)
 Metaspace       used 20876K, capacity 21090K, committed 21248K, reserved 21888K
}
Event: 120.348 GC heap before
{Heap before GC invocations=19 (full 12):
 par new generation   total 314560K, used 279616K [0x04a00000, 0x19f50000, 0x19f50000)
  eden space 279616K, 100% used [0x04a00000, 0x15b10000, 0x15b10000)
  from space 34944K,   0% used [0x17d30000, 0x17d30000, 0x19f50000)
  to   space 34944K,   0% used [0x15b10000, 0x15b10000, 0x17d30000)
 concurrent mark-sweep generation total 699072K, used 103924K [0x19f50000, 0x44a00000, 0x44a00000)
 Metaspace       used 22257K, capacity 22464K, committed 22656K, reserved 22912K
Event: 120.356 GC heap after
Heap after GC invocations=20 (full 12):
 par new generation   total 314560K, used 34149K [0x04a00000, 0x19f50000, 0x19f50000)
  eden space 279616K,   0% used [0x04a00000, 0x04a00000, 0x15b10000)
  from space 34944K,  97% used [0x15b10000, 0x17c696a8, 0x17d30000)
  to   space 34944K,   0% used [0x17d30000, 0x17d30000, 0x19f50000)
 concurrent mark-sweep generation total 699072K, used 103924K [0x19f50000, 0x44a00000, 0x44a00000)
 Metaspace       used 22257K, capacity 22464K, committed 22656K, reserved 22912K
}
Event: 131.713 GC heap before
{Heap before GC invocations=20 (full 12):
 par new generation   total 314560K, used 306767K [0x04a00000, 0x19f50000, 0x19f50000)
  eden space 279616K,  97% used [0x04a00000, 0x1543a7a8, 0x15b10000)
  from space 34944K,  97% used [0x15b10000, 0x17c696a8, 0x17d30000)
  to   space 34944K,   0% used [0x17d30000, 0x17d30000, 0x19f50000)
 concurrent mark-sweep generation total 699072K, used 102317K [0x19f50000, 0x44a00000, 0x44a00000)
 Metaspace       used 22747K, capacity 22954K, committed 23168K, reserved 23936K
Event: 131.736 GC heap after
Heap after GC invocations=21 (full 12):
 par new generation   total 314560K, used 34944K [0x04a00000, 0x19f50000, 0x19f50000)
  eden space 279616K,   0% used [0x04a00000, 0x04a00000, 0x15b10000)
  from space 34944K, 100% used [0x17d30000, 0x19f50000, 0x19f50000)
  to   space 34944K,   0% used [0x15b10000, 0x15b10000, 0x17d30000)
 concurrent mark-sweep generation total 699072K, used 125212K [0x19f50000, 0x44a00000, 0x44a00000)
 Metaspace       used 22747K, capacity 22954K, committed 23168K, reserved 23936K
}
Event: 142.981 GC heap before
{Heap before GC invocations=21 (full 13):
 par new generation   total 314560K, used 314560K [0x04a00000, 0x19f50000, 0x19f50000)
  eden space 279616K, 100% used [0x04a00000, 0x15b10000, 0x15b10000)
  from space 34944K, 100% used [0x17d30000, 0x19f50000, 0x19f50000)
  to   space 34944K,   0% used [0x15b10000, 0x15b10000, 0x17d30000)
 concurrent mark-sweep generation total 699072K, used 125212K [0x19f50000, 0x44a00000, 0x44a00000)
 Metaspace       used 22749K, capacity 22954K, committed 23168K, reserved 23936K
Event: 143.007 GC heap after
Heap after GC invocations=22 (full 13):
 par new generation   total 314560K, used 25803K [0x04a00000, 0x19f50000, 0x19f50000)
  eden space 279616K,   0% used [0x04a00000, 0x04a00000, 0x15b10000)
  from space 34944K,  73% used [0x15b10000, 0x17442c00, 0x17d30000)
  to   space 34944K,   0% used [0x17d30000, 0x17d30000, 0x19f50000)
 concurrent mark-sweep generation total 699072K, used 151334K [0x19f50000, 0x44a00000, 0x44a00000)
 Metaspace       used 22749K, capacity 22954K, committed 23168K, reserved 23936K
}

